=================================================
Project : closure_10	start : 19/03/14 14:32
Current failed test : com.google.javascript.jscomp.PeepholeFoldConstantsTest::testIssue821 | 19/03/14 14:33
1552599181 s for the statement.

Thu Mar 14 14:33:01 PDT 2019 com.google.javascript.jscomp.PeepholeFoldConstants,1142
608 s for the statement.

Thu Mar 14 14:43:09 PDT 2019 com.google.javascript.rhino.Node,127
7 s for the statement.

Thu Mar 14 14:43:17 PDT 2019 com.google.javascript.jscomp.NodeUtil,1271

----------------------------------------
----------------------------------------
Pass Single Test : [=>0,0]
case Token.HOOK :
return n.getChildCount()==3;


Time : 19/03/14 14:46
----------------------------------------

----------------------------------------
----------------------------------------
Pass Single Test : [=>0,0]
case Token.HOOK :
return n.getFirstChild()!=null;


Time : 19/03/14 14:54
----------------------------------------

----------------------------------------
----------------------------------------
Pass Single Test : [=>0,0]
case Token.HOOK :
return n.getChildCount()==3;

default :


Time : 19/03/14 15:01
----------------------------------------

----------------------------------------
----------------------------------------
Pass Single Test : [=>0,0]
case Token.HOOK :
return n!=n.getFirstChild().getNext();

default :


Time : 19/03/14 15:05
----------------------------------------

----------------------------------------
----------------------------------------
Pass Single Test : [=>0,0]
case Token.HOOK :
return n.getFirstChild()!=null;

default :


Time : 19/03/14 15:09
----------------------------------------
1948 s for the statement.

Thu Mar 14 15:15:46 PDT 2019 com.google.javascript.jscomp.PeepholeFoldConstants,251
976 s for the statement.

Thu Mar 14 15:32:03 PDT 2019 com.google.javascript.jscomp.PeepholeFoldConstants,252
1035 s for the statement.

Thu Mar 14 15:49:18 PDT 2019 com.google.javascript.jscomp.PeepholeFoldConstants,253
1117 s for the statement.

Thu Mar 14 16:07:55 PDT 2019 com.google.javascript.jscomp.PeepholeFoldConstants,800
3322 s for the statement.

Thu Mar 14 17:03:17 PDT 2019 com.google.javascript.jscomp.PeepholeFoldConstants,802
0 s for the statement.

Thu Mar 14 17:03:18 PDT 2019 com.google.javascript.jscomp.PeepholeFoldConstants,803
6056 s for the statement.

Thu Mar 14 18:44:15 PDT 2019 com.google.javascript.jscomp.PeepholeFoldConstants,805
Timeout time : 19/03/14 19:33
