=================================================
Project : closure_132	start : 19/03/09 00:14
Current failed test : com.google.javascript.jscomp.PeepholeSubstituteAlternateSyntaxTest::testIssue925 | 19/03/09 00:14
1552119250 s for the statement.

Sat Mar 09 00:14:10 PST 2019 com.google.javascript.rhino.Node,121
8 s for the statement.

Sat Mar 09 00:14:19 PST 2019 com.google.javascript.rhino.Node,133
7 s for the statement.

Sat Mar 09 00:14:26 PST 2019 com.google.javascript.rhino.Node,955
889 s for the statement.

Sat Mar 09 00:29:15 PST 2019 com.google.javascript.rhino.Node,956
0 s for the statement.

Sat Mar 09 00:29:15 PST 2019 com.google.javascript.rhino.Node,998
2 s for the statement.

Sat Mar 09 00:29:18 PST 2019 com.google.javascript.rhino.Node,1003
2 s for the statement.

Sat Mar 09 00:29:20 PST 2019 com.google.javascript.rhino.Node,1004
0 s for the statement.

Sat Mar 09 00:29:21 PST 2019 com.google.javascript.rhino.Node,1005
0 s for the statement.

Sat Mar 09 00:29:21 PST 2019 com.google.javascript.rhino.Node,1012
2 s for the statement.

Sat Mar 09 00:29:23 PST 2019 Sat Mar 09 00:29:23 PST 2019 : com.google.javascript.rhino.Node,1013=>Find no block
0 s for the statement.

Sat Mar 09 00:29:23 PST 2019 com.google.javascript.rhino.Node,1017
1297 s for the statement.

Sat Mar 09 00:51:00 PST 2019 com.google.javascript.rhino.Node,1018
0 s for the statement.

Sat Mar 09 00:51:00 PST 2019 com.google.javascript.rhino.Node,1020
5023 s for the statement.

Sat Mar 09 02:14:44 PST 2019 com.google.javascript.rhino.Node,1021
0 s for the statement.

Sat Mar 09 02:14:44 PST 2019 Sat Mar 09 02:14:44 PST 2019 : com.google.javascript.rhino.Node,1022=>Find no block
0 s for the statement.

Sat Mar 09 02:14:44 PST 2019 com.google.javascript.rhino.Node,1023
0 s for the statement.

Sat Mar 09 02:14:44 PST 2019 com.google.javascript.rhino.Node,1025
0 s for the statement.

Sat Mar 09 02:14:44 PST 2019 Sat Mar 09 02:14:44 PST 2019 : com.google.javascript.rhino.Node,1024=>Find no block
0 s for the statement.

Sat Mar 09 02:14:44 PST 2019 Sat Mar 09 02:14:44 PST 2019 : com.google.javascript.rhino.Node,1027=>Find no block
0 s for the statement.

Sat Mar 09 02:14:45 PST 2019 com.google.javascript.rhino.Node,1417
2 s for the statement.

Sat Mar 09 02:14:47 PST 2019 com.google.javascript.rhino.Node,1433
2 s for the statement.

Sat Mar 09 02:14:50 PST 2019 com.google.javascript.rhino.Node,1446
2 s for the statement.

Sat Mar 09 02:14:52 PST 2019 com.google.javascript.rhino.InputId,74
2 s for the statement.

Sat Mar 09 02:14:54 PST 2019 Sat Mar 09 02:14:54 PST 2019 : com.google.javascript.rhino.Node,2132=>Find no block
0 s for the statement.

Sat Mar 09 02:14:55 PST 2019 com.google.javascript.rhino.Node,2133
2 s for the statement.

Sat Mar 09 02:14:57 PST 2019 com.google.javascript.rhino.Node,2134
0 s for the statement.

Sat Mar 09 02:14:57 PST 2019 Sat Mar 09 02:14:57 PST 2019 : com.google.javascript.rhino.Node,2135=>Find no block
0 s for the statement.

Sat Mar 09 02:14:57 PST 2019 com.google.javascript.rhino.Node,343
63 s for the statement.

Sat Mar 09 02:16:01 PST 2019 com.google.javascript.jscomp.parsing.IRFactory,1411
6 s for the statement.

Sat Mar 09 02:16:08 PST 2019 Sat Mar 09 02:16:08 PST 2019 : com.google.javascript.rhino.Node,112=>Find no block
0 s for the statement.

Sat Mar 09 02:16:08 PST 2019 com.google.javascript.rhino.Node,132
6 s for the statement.

Sat Mar 09 02:16:15 PST 2019 com.google.javascript.rhino.Node,860
1258 s for the statement.

Sat Mar 09 02:37:13 PST 2019 com.google.javascript.rhino.Node,861
0 s for the statement.

Sat Mar 09 02:37:13 PST 2019 com.google.javascript.rhino.Node,862
0 s for the statement.

Sat Mar 09 02:37:14 PST 2019 com.google.javascript.rhino.Node,865
0 s for the statement.

Sat Mar 09 02:37:14 PST 2019 com.google.javascript.rhino.Node,866
0 s for the statement.

Sat Mar 09 02:37:14 PST 2019 com.google.javascript.rhino.Node,867
0 s for the statement.

Sat Mar 09 02:37:14 PST 2019 com.google.javascript.rhino.Node,868
0 s for the statement.

Sat Mar 09 02:37:14 PST 2019 com.google.javascript.rhino.Node,871
0 s for the statement.

Sat Mar 09 02:37:14 PST 2019 com.google.javascript.rhino.Node,872
0 s for the statement.

Sat Mar 09 02:37:15 PST 2019 com.google.javascript.rhino.Node,923
2 s for the statement.

Sat Mar 09 02:37:17 PST 2019 com.google.javascript.rhino.Node,944
3804 s for the statement.

Sat Mar 09 03:40:42 PST 2019 com.google.javascript.rhino.Node,954
0 s for the statement.

Sat Mar 09 03:40:42 PST 2019 com.google.javascript.rhino.Node,959
1186 s for the statement.

Sat Mar 09 04:00:28 PST 2019 com.google.javascript.rhino.Node,960
0 s for the statement.

Sat Mar 09 04:00:29 PST 2019 com.google.javascript.rhino.Node,961
0 s for the statement.

Sat Mar 09 04:00:29 PST 2019 com.google.javascript.rhino.Node,962
0 s for the statement.

Sat Mar 09 04:00:29 PST 2019 com.google.javascript.rhino.Node,967
90 s for the statement.

Sat Mar 09 04:02:00 PST 2019 com.google.javascript.rhino.Node,968
1483 s for the statement.

Sat Mar 09 04:26:43 PST 2019 com.google.javascript.rhino.Node,969
1439 s for the statement.

Sat Mar 09 04:50:43 PST 2019 com.google.javascript.rhino.Node,970
0 s for the statement.

Sat Mar 09 04:50:43 PST 2019 com.google.javascript.rhino.Node,971
1076 s for the statement.

Sat Mar 09 05:08:40 PST 2019 com.google.javascript.rhino.Node,972
Timeout time : 19/03/09 05:14
