=================================================
Project : closure_132	start : 19/03/09 16:25
Current failed test : com.google.javascript.jscomp.PeepholeSubstituteAlternateSyntaxTest::testIssue925 | 19/03/09 16:25
1552177531 s for the statement.

Sat Mar 09 16:25:31 PST 2019 com.google.javascript.rhino.Node,121
8 s for the statement.

Sat Mar 09 16:25:39 PST 2019 com.google.javascript.rhino.Node,133
7 s for the statement.

Sat Mar 09 16:25:46 PST 2019 com.google.javascript.rhino.Node,955
883 s for the statement.

Sat Mar 09 16:40:30 PST 2019 com.google.javascript.rhino.Node,956
0 s for the statement.

Sat Mar 09 16:40:30 PST 2019 com.google.javascript.rhino.Node,998
2 s for the statement.

Sat Mar 09 16:40:32 PST 2019 com.google.javascript.rhino.Node,1003
2 s for the statement.

Sat Mar 09 16:40:35 PST 2019 com.google.javascript.rhino.Node,1004
0 s for the statement.

Sat Mar 09 16:40:35 PST 2019 com.google.javascript.rhino.Node,1005
0 s for the statement.

Sat Mar 09 16:40:36 PST 2019 com.google.javascript.rhino.Node,1012
2 s for the statement.

Sat Mar 09 16:40:38 PST 2019 Sat Mar 09 16:40:38 PST 2019 : com.google.javascript.rhino.Node,1013=>Find no block
0 s for the statement.

Sat Mar 09 16:40:38 PST 2019 com.google.javascript.rhino.Node,1017
1289 s for the statement.

Sat Mar 09 17:02:08 PST 2019 com.google.javascript.rhino.Node,1018
0 s for the statement.

Sat Mar 09 17:02:09 PST 2019 com.google.javascript.rhino.Node,1020
4992 s for the statement.

Sat Mar 09 18:25:21 PST 2019 com.google.javascript.rhino.Node,1021
0 s for the statement.

Sat Mar 09 18:25:21 PST 2019 Sat Mar 09 18:25:21 PST 2019 : com.google.javascript.rhino.Node,1022=>Find no block
0 s for the statement.

Sat Mar 09 18:25:22 PST 2019 com.google.javascript.rhino.Node,1023
0 s for the statement.

Sat Mar 09 18:25:22 PST 2019 com.google.javascript.rhino.Node,1025
0 s for the statement.

Sat Mar 09 18:25:22 PST 2019 Sat Mar 09 18:25:22 PST 2019 : com.google.javascript.rhino.Node,1024=>Find no block
0 s for the statement.

Sat Mar 09 18:25:22 PST 2019 Sat Mar 09 18:25:22 PST 2019 : com.google.javascript.rhino.Node,1027=>Find no block
0 s for the statement.

Sat Mar 09 18:25:22 PST 2019 com.google.javascript.rhino.Node,1417
2 s for the statement.

Sat Mar 09 18:25:25 PST 2019 com.google.javascript.rhino.Node,1433
2 s for the statement.

Sat Mar 09 18:25:27 PST 2019 com.google.javascript.rhino.Node,1446
2 s for the statement.

Sat Mar 09 18:25:29 PST 2019 com.google.javascript.rhino.InputId,74
2 s for the statement.

Sat Mar 09 18:25:32 PST 2019 Sat Mar 09 18:25:32 PST 2019 : com.google.javascript.rhino.Node,2132=>Find no block
0 s for the statement.

Sat Mar 09 18:25:32 PST 2019 com.google.javascript.rhino.Node,2133
2 s for the statement.

Sat Mar 09 18:25:34 PST 2019 com.google.javascript.rhino.Node,2134
0 s for the statement.

Sat Mar 09 18:25:35 PST 2019 Sat Mar 09 18:25:35 PST 2019 : com.google.javascript.rhino.Node,2135=>Find no block
0 s for the statement.

Sat Mar 09 18:25:35 PST 2019 com.google.javascript.rhino.Node,343
63 s for the statement.

Sat Mar 09 18:26:39 PST 2019 com.google.javascript.jscomp.parsing.IRFactory,1411
6 s for the statement.

Sat Mar 09 18:26:45 PST 2019 Sat Mar 09 18:26:45 PST 2019 : com.google.javascript.rhino.Node,112=>Find no block
0 s for the statement.

Sat Mar 09 18:26:45 PST 2019 com.google.javascript.rhino.Node,132
6 s for the statement.

Sat Mar 09 18:26:52 PST 2019 com.google.javascript.rhino.Node,860
1251 s for the statement.

Sat Mar 09 18:47:43 PST 2019 com.google.javascript.rhino.Node,861
0 s for the statement.

Sat Mar 09 18:47:44 PST 2019 com.google.javascript.rhino.Node,862
0 s for the statement.

Sat Mar 09 18:47:44 PST 2019 com.google.javascript.rhino.Node,865
0 s for the statement.

Sat Mar 09 18:47:44 PST 2019 com.google.javascript.rhino.Node,866
0 s for the statement.

Sat Mar 09 18:47:44 PST 2019 com.google.javascript.rhino.Node,867
0 s for the statement.

Sat Mar 09 18:47:44 PST 2019 com.google.javascript.rhino.Node,868
0 s for the statement.

Sat Mar 09 18:47:45 PST 2019 com.google.javascript.rhino.Node,871
0 s for the statement.

Sat Mar 09 18:47:45 PST 2019 com.google.javascript.rhino.Node,872
0 s for the statement.

Sat Mar 09 18:47:45 PST 2019 com.google.javascript.rhino.Node,923
2 s for the statement.

Sat Mar 09 18:47:47 PST 2019 com.google.javascript.rhino.Node,944
3780 s for the statement.

Sat Mar 09 19:50:48 PST 2019 com.google.javascript.rhino.Node,954
0 s for the statement.

Sat Mar 09 19:50:48 PST 2019 com.google.javascript.rhino.Node,959
1180 s for the statement.

Sat Mar 09 20:10:28 PST 2019 com.google.javascript.rhino.Node,960
0 s for the statement.

Sat Mar 09 20:10:28 PST 2019 com.google.javascript.rhino.Node,961
0 s for the statement.

Sat Mar 09 20:10:28 PST 2019 com.google.javascript.rhino.Node,962
0 s for the statement.

Sat Mar 09 20:10:28 PST 2019 com.google.javascript.rhino.Node,967
90 s for the statement.

Sat Mar 09 20:11:59 PST 2019 com.google.javascript.rhino.Node,968
1475 s for the statement.

Sat Mar 09 20:36:34 PST 2019 com.google.javascript.rhino.Node,969
1430 s for the statement.

Sat Mar 09 21:00:25 PST 2019 com.google.javascript.rhino.Node,970
0 s for the statement.

Sat Mar 09 21:00:25 PST 2019 com.google.javascript.rhino.Node,971
1068 s for the statement.

Sat Mar 09 21:18:14 PST 2019 com.google.javascript.rhino.Node,972
Timeout time : 19/03/09 21:25
