=================================================
Project : closure_132	start : 19/03/11 21:48
Current failed test : com.google.javascript.jscomp.PeepholeSubstituteAlternateSyntaxTest::testIssue925 | 19/03/11 21:48
1552366109 s for the statement.

Mon Mar 11 21:48:29 PDT 2019 com.google.javascript.rhino.Node,121
8 s for the statement.

Mon Mar 11 21:48:37 PDT 2019 com.google.javascript.rhino.Node,133
7 s for the statement.

Mon Mar 11 21:48:44 PDT 2019 com.google.javascript.rhino.Node,955
883 s for the statement.

Mon Mar 11 22:03:28 PDT 2019 com.google.javascript.rhino.Node,956
0 s for the statement.

Mon Mar 11 22:03:28 PDT 2019 com.google.javascript.rhino.Node,998
2 s for the statement.

Mon Mar 11 22:03:31 PDT 2019 com.google.javascript.rhino.Node,1003
3 s for the statement.

Mon Mar 11 22:03:34 PDT 2019 com.google.javascript.rhino.Node,1004
0 s for the statement.

Mon Mar 11 22:03:34 PDT 2019 com.google.javascript.rhino.Node,1005
0 s for the statement.

Mon Mar 11 22:03:34 PDT 2019 com.google.javascript.rhino.Node,1012
2 s for the statement.

Mon Mar 11 22:03:37 PDT 2019 Mon Mar 11 22:03:37 PDT 2019 : com.google.javascript.rhino.Node,1013=>Find no block
0 s for the statement.

Mon Mar 11 22:03:37 PDT 2019 com.google.javascript.rhino.Node,1017
1289 s for the statement.

Mon Mar 11 22:25:06 PDT 2019 com.google.javascript.rhino.Node,1018
0 s for the statement.

Mon Mar 11 22:25:06 PDT 2019 com.google.javascript.rhino.Node,1020
4992 s for the statement.

Mon Mar 11 23:48:19 PDT 2019 com.google.javascript.rhino.Node,1021
0 s for the statement.

Mon Mar 11 23:48:19 PDT 2019 Mon Mar 11 23:48:19 PDT 2019 : com.google.javascript.rhino.Node,1022=>Find no block
0 s for the statement.

Mon Mar 11 23:48:19 PDT 2019 com.google.javascript.rhino.Node,1023
0 s for the statement.

Mon Mar 11 23:48:19 PDT 2019 com.google.javascript.rhino.Node,1025
0 s for the statement.

Mon Mar 11 23:48:20 PDT 2019 Mon Mar 11 23:48:20 PDT 2019 : com.google.javascript.rhino.Node,1024=>Find no block
0 s for the statement.

Mon Mar 11 23:48:20 PDT 2019 Mon Mar 11 23:48:20 PDT 2019 : com.google.javascript.rhino.Node,1027=>Find no block
0 s for the statement.

Mon Mar 11 23:48:20 PDT 2019 com.google.javascript.rhino.Node,1417
2 s for the statement.

Mon Mar 11 23:48:22 PDT 2019 com.google.javascript.rhino.Node,1433
2 s for the statement.

Mon Mar 11 23:48:25 PDT 2019 com.google.javascript.rhino.Node,1446
2 s for the statement.

Mon Mar 11 23:48:27 PDT 2019 com.google.javascript.rhino.InputId,74
2 s for the statement.

Mon Mar 11 23:48:30 PDT 2019 Mon Mar 11 23:48:30 PDT 2019 : com.google.javascript.rhino.Node,2132=>Find no block
0 s for the statement.

Mon Mar 11 23:48:30 PDT 2019 com.google.javascript.rhino.Node,2133
2 s for the statement.

Mon Mar 11 23:48:32 PDT 2019 com.google.javascript.rhino.Node,2134
0 s for the statement.

Mon Mar 11 23:48:32 PDT 2019 Mon Mar 11 23:48:32 PDT 2019 : com.google.javascript.rhino.Node,2135=>Find no block
0 s for the statement.

Mon Mar 11 23:48:32 PDT 2019 com.google.javascript.rhino.Node,343
63 s for the statement.

Mon Mar 11 23:49:36 PDT 2019 com.google.javascript.jscomp.parsing.IRFactory,1411
6 s for the statement.

Mon Mar 11 23:49:42 PDT 2019 Mon Mar 11 23:49:42 PDT 2019 : com.google.javascript.rhino.Node,112=>Find no block
0 s for the statement.

Mon Mar 11 23:49:43 PDT 2019 com.google.javascript.rhino.Node,132
6 s for the statement.

Mon Mar 11 23:49:49 PDT 2019 com.google.javascript.rhino.Node,860
1252 s for the statement.

Tue Mar 12 00:10:42 PDT 2019 com.google.javascript.rhino.Node,861
0 s for the statement.

Tue Mar 12 00:10:42 PDT 2019 com.google.javascript.rhino.Node,862
0 s for the statement.

Tue Mar 12 00:10:42 PDT 2019 com.google.javascript.rhino.Node,865
0 s for the statement.

Tue Mar 12 00:10:42 PDT 2019 com.google.javascript.rhino.Node,866
0 s for the statement.

Tue Mar 12 00:10:42 PDT 2019 com.google.javascript.rhino.Node,867
0 s for the statement.

Tue Mar 12 00:10:43 PDT 2019 com.google.javascript.rhino.Node,868
0 s for the statement.

Tue Mar 12 00:10:43 PDT 2019 com.google.javascript.rhino.Node,871
0 s for the statement.

Tue Mar 12 00:10:43 PDT 2019 com.google.javascript.rhino.Node,872
0 s for the statement.

Tue Mar 12 00:10:43 PDT 2019 com.google.javascript.rhino.Node,923
2 s for the statement.

Tue Mar 12 00:10:46 PDT 2019 com.google.javascript.rhino.Node,944
3789 s for the statement.

Tue Mar 12 01:13:55 PDT 2019 com.google.javascript.rhino.Node,954
0 s for the statement.

Tue Mar 12 01:13:55 PDT 2019 com.google.javascript.rhino.Node,959
1182 s for the statement.

Tue Mar 12 01:33:37 PDT 2019 com.google.javascript.rhino.Node,960
0 s for the statement.

Tue Mar 12 01:33:38 PDT 2019 com.google.javascript.rhino.Node,961
0 s for the statement.

Tue Mar 12 01:33:38 PDT 2019 com.google.javascript.rhino.Node,962
0 s for the statement.

Tue Mar 12 01:33:38 PDT 2019 com.google.javascript.rhino.Node,967
90 s for the statement.

Tue Mar 12 01:35:08 PDT 2019 com.google.javascript.rhino.Node,968
1477 s for the statement.

Tue Mar 12 01:59:45 PDT 2019 com.google.javascript.rhino.Node,969
1432 s for the statement.

Tue Mar 12 02:23:38 PDT 2019 com.google.javascript.rhino.Node,970
0 s for the statement.

Tue Mar 12 02:23:38 PDT 2019 com.google.javascript.rhino.Node,971
1069 s for the statement.

Tue Mar 12 02:41:28 PDT 2019 com.google.javascript.rhino.Node,972
Timeout time : 19/03/12 02:48
