=================================================
Project : closure_132	start : 19/03/13 00:00
Current failed test : com.google.javascript.jscomp.PeepholeSubstituteAlternateSyntaxTest::testIssue925 | 19/03/13 00:00
1552460413 s for the statement.

Wed Mar 13 00:00:13 PDT 2019 com.google.javascript.rhino.Node,121
8 s for the statement.

Wed Mar 13 00:00:21 PDT 2019 com.google.javascript.rhino.Node,133
7 s for the statement.

Wed Mar 13 00:00:29 PDT 2019 com.google.javascript.rhino.Node,955
888 s for the statement.

Wed Mar 13 00:15:18 PDT 2019 com.google.javascript.rhino.Node,956
0 s for the statement.

Wed Mar 13 00:15:18 PDT 2019 com.google.javascript.rhino.Node,998
2 s for the statement.

Wed Mar 13 00:15:20 PDT 2019 com.google.javascript.rhino.Node,1003
2 s for the statement.

Wed Mar 13 00:15:23 PDT 2019 com.google.javascript.rhino.Node,1004
0 s for the statement.

Wed Mar 13 00:15:24 PDT 2019 com.google.javascript.rhino.Node,1005
0 s for the statement.

Wed Mar 13 00:15:24 PDT 2019 com.google.javascript.rhino.Node,1012
2 s for the statement.

Wed Mar 13 00:15:26 PDT 2019 Wed Mar 13 00:15:26 PDT 2019 : com.google.javascript.rhino.Node,1013=>Find no block
0 s for the statement.

Wed Mar 13 00:15:26 PDT 2019 com.google.javascript.rhino.Node,1017
1297 s for the statement.

Wed Mar 13 00:37:04 PDT 2019 com.google.javascript.rhino.Node,1018
0 s for the statement.

Wed Mar 13 00:37:04 PDT 2019 com.google.javascript.rhino.Node,1020
5025 s for the statement.

Wed Mar 13 02:00:50 PDT 2019 com.google.javascript.rhino.Node,1021
0 s for the statement.

Wed Mar 13 02:00:50 PDT 2019 Wed Mar 13 02:00:50 PDT 2019 : com.google.javascript.rhino.Node,1022=>Find no block
0 s for the statement.

Wed Mar 13 02:00:50 PDT 2019 com.google.javascript.rhino.Node,1023
0 s for the statement.

Wed Mar 13 02:00:51 PDT 2019 com.google.javascript.rhino.Node,1025
0 s for the statement.

Wed Mar 13 02:00:51 PDT 2019 Wed Mar 13 02:00:51 PDT 2019 : com.google.javascript.rhino.Node,1024=>Find no block
0 s for the statement.

Wed Mar 13 02:00:51 PDT 2019 Wed Mar 13 02:00:51 PDT 2019 : com.google.javascript.rhino.Node,1027=>Find no block
0 s for the statement.

Wed Mar 13 02:00:51 PDT 2019 com.google.javascript.rhino.Node,1417
2 s for the statement.

Wed Mar 13 02:00:53 PDT 2019 com.google.javascript.rhino.Node,1433
2 s for the statement.

Wed Mar 13 02:00:56 PDT 2019 com.google.javascript.rhino.Node,1446
2 s for the statement.

Wed Mar 13 02:00:58 PDT 2019 com.google.javascript.rhino.InputId,74
2 s for the statement.

Wed Mar 13 02:01:01 PDT 2019 Wed Mar 13 02:01:01 PDT 2019 : com.google.javascript.rhino.Node,2132=>Find no block
0 s for the statement.

Wed Mar 13 02:01:01 PDT 2019 com.google.javascript.rhino.Node,2133
2 s for the statement.

Wed Mar 13 02:01:03 PDT 2019 com.google.javascript.rhino.Node,2134
0 s for the statement.

Wed Mar 13 02:01:04 PDT 2019 Wed Mar 13 02:01:04 PDT 2019 : com.google.javascript.rhino.Node,2135=>Find no block
0 s for the statement.

Wed Mar 13 02:01:04 PDT 2019 com.google.javascript.rhino.Node,343
64 s for the statement.

Wed Mar 13 02:02:09 PDT 2019 com.google.javascript.jscomp.parsing.IRFactory,1411
6 s for the statement.

Wed Mar 13 02:02:15 PDT 2019 Wed Mar 13 02:02:15 PDT 2019 : com.google.javascript.rhino.Node,112=>Find no block
0 s for the statement.

Wed Mar 13 02:02:16 PDT 2019 com.google.javascript.rhino.Node,132
6 s for the statement.

Wed Mar 13 02:02:22 PDT 2019 com.google.javascript.rhino.Node,860
1254 s for the statement.

Wed Mar 13 02:23:17 PDT 2019 com.google.javascript.rhino.Node,861
0 s for the statement.

Wed Mar 13 02:23:17 PDT 2019 com.google.javascript.rhino.Node,862
0 s for the statement.

Wed Mar 13 02:23:17 PDT 2019 com.google.javascript.rhino.Node,865
0 s for the statement.

Wed Mar 13 02:23:17 PDT 2019 com.google.javascript.rhino.Node,866
0 s for the statement.

Wed Mar 13 02:23:17 PDT 2019 com.google.javascript.rhino.Node,867
0 s for the statement.

Wed Mar 13 02:23:18 PDT 2019 com.google.javascript.rhino.Node,868
0 s for the statement.

Wed Mar 13 02:23:18 PDT 2019 com.google.javascript.rhino.Node,871
0 s for the statement.

Wed Mar 13 02:23:18 PDT 2019 com.google.javascript.rhino.Node,872
0 s for the statement.

Wed Mar 13 02:23:18 PDT 2019 com.google.javascript.rhino.Node,923
2 s for the statement.

Wed Mar 13 02:23:21 PDT 2019 com.google.javascript.rhino.Node,944
3811 s for the statement.

Wed Mar 13 03:26:52 PDT 2019 com.google.javascript.rhino.Node,954
0 s for the statement.

Wed Mar 13 03:26:52 PDT 2019 com.google.javascript.rhino.Node,959
1188 s for the statement.

Wed Mar 13 03:46:41 PDT 2019 com.google.javascript.rhino.Node,960
0 s for the statement.

Wed Mar 13 03:46:41 PDT 2019 com.google.javascript.rhino.Node,961
0 s for the statement.

Wed Mar 13 03:46:41 PDT 2019 com.google.javascript.rhino.Node,962
0 s for the statement.

Wed Mar 13 03:46:41 PDT 2019 com.google.javascript.rhino.Node,967
91 s for the statement.

Wed Mar 13 03:48:13 PDT 2019 com.google.javascript.rhino.Node,968
1486 s for the statement.

Wed Mar 13 04:13:00 PDT 2019 com.google.javascript.rhino.Node,969
1435 s for the statement.

Wed Mar 13 04:36:55 PDT 2019 com.google.javascript.rhino.Node,970
0 s for the statement.

Wed Mar 13 04:36:55 PDT 2019 com.google.javascript.rhino.Node,971
1074 s for the statement.

Wed Mar 13 04:54:49 PDT 2019 com.google.javascript.rhino.Node,972
Timeout time : 19/03/13 05:00
