=================================================
Project : closure_132	start : 19/03/10 19:36
Current failed test : com.google.javascript.jscomp.PeepholeSubstituteAlternateSyntaxTest::testIssue925 | 19/03/10 19:36
1552271808 s for the statement.

Sun Mar 10 19:36:48 PDT 2019 com.google.javascript.rhino.Node,121
8 s for the statement.

Sun Mar 10 19:36:56 PDT 2019 com.google.javascript.rhino.Node,133
7 s for the statement.

Sun Mar 10 19:37:04 PDT 2019 com.google.javascript.rhino.Node,955
883 s for the statement.

Sun Mar 10 19:51:47 PDT 2019 com.google.javascript.rhino.Node,956
0 s for the statement.

Sun Mar 10 19:51:47 PDT 2019 com.google.javascript.rhino.Node,998
2 s for the statement.

Sun Mar 10 19:51:50 PDT 2019 com.google.javascript.rhino.Node,1003
2 s for the statement.

Sun Mar 10 19:51:53 PDT 2019 com.google.javascript.rhino.Node,1004
0 s for the statement.

Sun Mar 10 19:51:53 PDT 2019 com.google.javascript.rhino.Node,1005
0 s for the statement.

Sun Mar 10 19:51:53 PDT 2019 com.google.javascript.rhino.Node,1012
2 s for the statement.

Sun Mar 10 19:51:56 PDT 2019 Sun Mar 10 19:51:56 PDT 2019 : com.google.javascript.rhino.Node,1013=>Find no block
0 s for the statement.

Sun Mar 10 19:51:56 PDT 2019 com.google.javascript.rhino.Node,1017
1291 s for the statement.

Sun Mar 10 20:13:27 PDT 2019 com.google.javascript.rhino.Node,1018
0 s for the statement.

Sun Mar 10 20:13:28 PDT 2019 com.google.javascript.rhino.Node,1020
4995 s for the statement.

Sun Mar 10 21:36:43 PDT 2019 com.google.javascript.rhino.Node,1021
0 s for the statement.

Sun Mar 10 21:36:43 PDT 2019 Sun Mar 10 21:36:43 PDT 2019 : com.google.javascript.rhino.Node,1022=>Find no block
0 s for the statement.

Sun Mar 10 21:36:43 PDT 2019 com.google.javascript.rhino.Node,1023
0 s for the statement.

Sun Mar 10 21:36:44 PDT 2019 com.google.javascript.rhino.Node,1025
0 s for the statement.

Sun Mar 10 21:36:44 PDT 2019 Sun Mar 10 21:36:44 PDT 2019 : com.google.javascript.rhino.Node,1024=>Find no block
0 s for the statement.

Sun Mar 10 21:36:44 PDT 2019 Sun Mar 10 21:36:44 PDT 2019 : com.google.javascript.rhino.Node,1027=>Find no block
0 s for the statement.

Sun Mar 10 21:36:44 PDT 2019 com.google.javascript.rhino.Node,1417
2 s for the statement.

Sun Mar 10 21:36:47 PDT 2019 com.google.javascript.rhino.Node,1433
2 s for the statement.

Sun Mar 10 21:36:49 PDT 2019 com.google.javascript.rhino.Node,1446
2 s for the statement.

Sun Mar 10 21:36:51 PDT 2019 com.google.javascript.rhino.InputId,74
2 s for the statement.

Sun Mar 10 21:36:54 PDT 2019 Sun Mar 10 21:36:54 PDT 2019 : com.google.javascript.rhino.Node,2132=>Find no block
0 s for the statement.

Sun Mar 10 21:36:54 PDT 2019 com.google.javascript.rhino.Node,2133
2 s for the statement.

Sun Mar 10 21:36:56 PDT 2019 com.google.javascript.rhino.Node,2134
0 s for the statement.

Sun Mar 10 21:36:57 PDT 2019 Sun Mar 10 21:36:57 PDT 2019 : com.google.javascript.rhino.Node,2135=>Find no block
0 s for the statement.

Sun Mar 10 21:36:57 PDT 2019 com.google.javascript.rhino.Node,343
64 s for the statement.

Sun Mar 10 21:38:01 PDT 2019 com.google.javascript.jscomp.parsing.IRFactory,1411
6 s for the statement.

Sun Mar 10 21:38:08 PDT 2019 Sun Mar 10 21:38:08 PDT 2019 : com.google.javascript.rhino.Node,112=>Find no block
0 s for the statement.

Sun Mar 10 21:38:09 PDT 2019 com.google.javascript.rhino.Node,132
7 s for the statement.

Sun Mar 10 21:38:16 PDT 2019 com.google.javascript.rhino.Node,860
1251 s for the statement.

Sun Mar 10 21:59:07 PDT 2019 com.google.javascript.rhino.Node,861
0 s for the statement.

Sun Mar 10 21:59:07 PDT 2019 com.google.javascript.rhino.Node,862
0 s for the statement.

Sun Mar 10 21:59:07 PDT 2019 com.google.javascript.rhino.Node,865
0 s for the statement.

Sun Mar 10 21:59:07 PDT 2019 com.google.javascript.rhino.Node,866
0 s for the statement.

Sun Mar 10 21:59:07 PDT 2019 com.google.javascript.rhino.Node,867
0 s for the statement.

Sun Mar 10 21:59:08 PDT 2019 com.google.javascript.rhino.Node,868
0 s for the statement.

Sun Mar 10 21:59:08 PDT 2019 com.google.javascript.rhino.Node,871
0 s for the statement.

Sun Mar 10 21:59:08 PDT 2019 com.google.javascript.rhino.Node,872
0 s for the statement.

Sun Mar 10 21:59:08 PDT 2019 com.google.javascript.rhino.Node,923
2 s for the statement.

Sun Mar 10 21:59:10 PDT 2019 com.google.javascript.rhino.Node,944
3786 s for the statement.

Sun Mar 10 23:02:17 PDT 2019 com.google.javascript.rhino.Node,954
0 s for the statement.

Sun Mar 10 23:02:17 PDT 2019 com.google.javascript.rhino.Node,959
1180 s for the statement.

Sun Mar 10 23:21:58 PDT 2019 com.google.javascript.rhino.Node,960
0 s for the statement.

Sun Mar 10 23:21:59 PDT 2019 com.google.javascript.rhino.Node,961
0 s for the statement.

Sun Mar 10 23:21:59 PDT 2019 com.google.javascript.rhino.Node,962
0 s for the statement.

Sun Mar 10 23:21:59 PDT 2019 com.google.javascript.rhino.Node,967
90 s for the statement.

Sun Mar 10 23:23:29 PDT 2019 com.google.javascript.rhino.Node,968
1476 s for the statement.

Sun Mar 10 23:48:06 PDT 2019 com.google.javascript.rhino.Node,969
1432 s for the statement.

Mon Mar 11 00:11:59 PDT 2019 com.google.javascript.rhino.Node,970
0 s for the statement.

Mon Mar 11 00:11:59 PDT 2019 com.google.javascript.rhino.Node,971
1070 s for the statement.

Mon Mar 11 00:29:49 PDT 2019 com.google.javascript.rhino.Node,972
Timeout time : 19/03/11 00:36
