=================================================
Project : closure_55	start : 19/03/11 05:37
Current failed test : com.google.javascript.jscomp.FunctionRewriterTest::testIssue538 | 19/03/11 05:37
1552307837 s for the statement.

Mon Mar 11 05:37:17 PDT 2019 Mon Mar 11 05:37:17 PDT 2019 : com.google.javascript.rhino.Node,184=>Find no block
0 s for the statement.

Mon Mar 11 05:37:17 PDT 2019 com.google.javascript.rhino.Node,244
7 s for the statement.

Mon Mar 11 05:37:25 PDT 2019 com.google.javascript.rhino.Node,245
6 s for the statement.

Mon Mar 11 05:37:32 PDT 2019 com.google.javascript.rhino.Node,628
515 s for the statement.

Mon Mar 11 05:46:07 PDT 2019 Mon Mar 11 05:46:07 PDT 2019 : com.google.javascript.rhino.Node,629=>Find no block
0 s for the statement.

Mon Mar 11 05:46:07 PDT 2019 com.google.javascript.rhino.Node,962
1946 s for the statement.

Mon Mar 11 06:18:34 PDT 2019 com.google.javascript.rhino.Node,963
0 s for the statement.

Mon Mar 11 06:18:34 PDT 2019 com.google.javascript.rhino.Node,964
0 s for the statement.

Mon Mar 11 06:18:34 PDT 2019 com.google.javascript.rhino.Node,967
0 s for the statement.

Mon Mar 11 06:18:34 PDT 2019 com.google.javascript.rhino.Node,968
0 s for the statement.

Mon Mar 11 06:18:35 PDT 2019 com.google.javascript.rhino.Node,969
0 s for the statement.

Mon Mar 11 06:18:35 PDT 2019 com.google.javascript.rhino.Node,970
0 s for the statement.

Mon Mar 11 06:18:35 PDT 2019 com.google.javascript.rhino.Node,973
0 s for the statement.

Mon Mar 11 06:18:35 PDT 2019 com.google.javascript.rhino.Node,974
0 s for the statement.

Mon Mar 11 06:18:35 PDT 2019 com.google.javascript.rhino.Node,1019
2 s for the statement.

Mon Mar 11 06:18:38 PDT 2019 com.google.javascript.rhino.Node,1026
100 s for the statement.

Mon Mar 11 06:20:19 PDT 2019 com.google.javascript.rhino.Node,1027
0 s for the statement.

Mon Mar 11 06:20:19 PDT 2019 com.google.javascript.rhino.Node,1028
0 s for the statement.

Mon Mar 11 06:20:19 PDT 2019 com.google.javascript.rhino.Node,1029
0 s for the statement.

Mon Mar 11 06:20:19 PDT 2019 com.google.javascript.rhino.Node,1040
Timeout time : 19/03/11 10:37
