=================================================
Project : closure_55	start : 19/03/13 10:00
Current failed test : com.google.javascript.jscomp.FunctionRewriterTest::testIssue538 | 19/03/13 10:00
1552496444 s for the statement.

Wed Mar 13 10:00:44 PDT 2019 Wed Mar 13 10:00:44 PDT 2019 : com.google.javascript.rhino.Node,184=>Find no block
0 s for the statement.

Wed Mar 13 10:00:45 PDT 2019 com.google.javascript.rhino.Node,244
8 s for the statement.

Wed Mar 13 10:00:53 PDT 2019 com.google.javascript.rhino.Node,245
7 s for the statement.

Wed Mar 13 10:01:00 PDT 2019 com.google.javascript.rhino.Node,628
517 s for the statement.

Wed Mar 13 10:09:38 PDT 2019 Wed Mar 13 10:09:38 PDT 2019 : com.google.javascript.rhino.Node,629=>Find no block
0 s for the statement.

Wed Mar 13 10:09:38 PDT 2019 com.google.javascript.rhino.Node,962
1951 s for the statement.

Wed Mar 13 10:42:10 PDT 2019 com.google.javascript.rhino.Node,963
0 s for the statement.

Wed Mar 13 10:42:10 PDT 2019 com.google.javascript.rhino.Node,964
0 s for the statement.

Wed Mar 13 10:42:10 PDT 2019 com.google.javascript.rhino.Node,967
0 s for the statement.

Wed Mar 13 10:42:10 PDT 2019 com.google.javascript.rhino.Node,968
0 s for the statement.

Wed Mar 13 10:42:10 PDT 2019 com.google.javascript.rhino.Node,969
0 s for the statement.

Wed Mar 13 10:42:11 PDT 2019 com.google.javascript.rhino.Node,970
0 s for the statement.

Wed Mar 13 10:42:11 PDT 2019 com.google.javascript.rhino.Node,973
0 s for the statement.

Wed Mar 13 10:42:11 PDT 2019 com.google.javascript.rhino.Node,974
0 s for the statement.

Wed Mar 13 10:42:11 PDT 2019 com.google.javascript.rhino.Node,1019
2 s for the statement.

Wed Mar 13 10:42:14 PDT 2019 com.google.javascript.rhino.Node,1026
101 s for the statement.

Wed Mar 13 10:43:55 PDT 2019 com.google.javascript.rhino.Node,1027
0 s for the statement.

Wed Mar 13 10:43:55 PDT 2019 com.google.javascript.rhino.Node,1028
0 s for the statement.

Wed Mar 13 10:43:56 PDT 2019 com.google.javascript.rhino.Node,1029
0 s for the statement.

Wed Mar 13 10:43:56 PDT 2019 com.google.javascript.rhino.Node,1040
Timeout time : 19/03/13 15:00
