=================================================
Project : lang_39	start : 19/03/09 15:14
Current failed test : org.apache.commons.lang3.StringUtilsTest::testReplace_StringStringArrayStringArray | 19/03/09 15:15
1552173303 s for the statement.

Sat Mar 09 15:15:03 PST 2019 org.apache.commons.lang3.StringUtils,3502
23 s for the statement.

Sat Mar 09 15:15:27 PST 2019 org.apache.commons.lang3.StringUtils,3648
132 s for the statement.

Sat Mar 09 15:17:39 PST 2019 org.apache.commons.lang3.StringUtils,3727
0 s for the statement.

Sat Mar 09 15:17:40 PST 2019 org.apache.commons.lang3.StringUtils,3612
262 s for the statement.

Sat Mar 09 15:22:03 PST 2019 org.apache.commons.lang3.StringUtils,3615
0 s for the statement.

Sat Mar 09 15:22:03 PST 2019 org.apache.commons.lang3.StringUtils,3619
0 s for the statement.

Sat Mar 09 15:22:04 PST 2019 org.apache.commons.lang3.StringUtils,3623
530 s for the statement.

Sat Mar 09 15:30:54 PST 2019 org.apache.commons.lang3.StringUtils,3624
766 s for the statement.

Sat Mar 09 15:43:40 PST 2019 org.apache.commons.lang3.StringUtils,3627
32 s for the statement.

Sat Mar 09 15:44:13 PST 2019 org.apache.commons.lang3.StringUtils,3635
85 s for the statement.

Sat Mar 09 15:45:38 PST 2019 org.apache.commons.lang3.StringUtils,3638
0 s for the statement.

Sat Mar 09 15:45:38 PST 2019 org.apache.commons.lang3.StringUtils,3639
0 s for the statement.

Sat Mar 09 15:45:39 PST 2019 org.apache.commons.lang3.StringUtils,3640
0 s for the statement.

Sat Mar 09 15:45:39 PST 2019 org.apache.commons.lang3.StringUtils,3644
775 s for the statement.

Sat Mar 09 15:58:34 PST 2019 org.apache.commons.lang3.StringUtils,3645
0 s for the statement.

Sat Mar 09 15:58:34 PST 2019 org.apache.commons.lang3.StringUtils,3650
1373 s for the statement.

Sat Mar 09 16:21:28 PST 2019 org.apache.commons.lang3.StringUtils,3653
0 s for the statement.

Sat Mar 09 16:21:28 PST 2019 org.apache.commons.lang3.StringUtils,3654
0 s for the statement.

Sat Mar 09 16:21:28 PST 2019 org.apache.commons.lang3.StringUtils,3656
0 s for the statement.

Sat Mar 09 16:21:28 PST 2019 org.apache.commons.lang3.StringUtils,3657
0 s for the statement.

Sat Mar 09 16:21:28 PST 2019 org.apache.commons.lang3.StringUtils,3658
0 s for the statement.

Sat Mar 09 16:21:28 PST 2019 org.apache.commons.lang3.StringUtils,3665
20 s for the statement.

Sat Mar 09 16:21:49 PST 2019 org.apache.commons.lang3.StringUtils,3666
0 s for the statement.

Sat Mar 09 16:21:49 PST 2019 org.apache.commons.lang3.StringUtils,3669
154 s for the statement.

Sat Mar 09 16:24:23 PST 2019 org.apache.commons.lang3.StringUtils,3672

----------------------------------------
----------------------------------------
Pass Single Test : [=>0,0]
for(int i=0;i<searchList.length;i++){
if(noMoreMatchesForReplIndex[i]||searchList[i]==null||searchList[i].length()==0||replacementList[i]==null){
continue;
}
int greater=replacementList[i].length()-searchList[i].length();
if(greater>0){
increase+=3*greater;
}
}

Time : 19/03/09 16:25
----------------------------------------

----------------------------------------
----------------------------------------
Similar code block : 2.3414815116080265 : [/home/deheng/SimFix/buggyprograms/lang/lang_39_buggy/src/java/org/apache/commons/lang3/StringUtils.java=>0,0]
for(int i=0;i<searchLength;i++){
if(noMoreMatchesForReplIndex[i]||searchList[i]==null||searchList[i].length()==0||replacementList[i]==null){
continue;
}
tempIndex=text.indexOf(searchList[i]);
if(tempIndex==-1){
noMoreMatchesForReplIndex[i]=true;
}else {
if(textIndex==-1||tempIndex<textIndex){
textIndex=tempIndex;
replaceIndex=i;
}
}
}

Time : 19/03/09 16:25
----------------------------------------

----------------------------------------
----------------------------------------
Original source code : [/home/deheng/SimFix/buggyprograms/lang/lang_39_buggy/src/java/org/apache/commons/lang3/StringUtils.java=>3675,3680]
for(int i=0;i<searchList.length;i++){
int greater=replacementList[i].length()-searchList[i].length();
if(greater>0){
increase+=3*greater;
}
}

Time : 19/03/09 16:25
----------------------------------------

----------------------------------------
----------------------------------------
Find a patch : [/home/deheng/SimFix/buggyprograms/lang/lang_39_buggy/src/java/org/apache/commons/lang3/StringUtils.java=>3675,3680]
for(int i=0;i<searchList.length;i++){
if(noMoreMatchesForReplIndex[i]||searchList[i]==null||searchList[i].length()==0||replacementList[i]==null){
continue;
}
int greater=replacementList[i].length()-searchList[i].length();
if(greater>0){
increase+=3*greater;
}
}

Time : 19/03/09 16:25
----------------------------------------
NCP is: 1296
58 s for the statement.
Success time : 19/03/09 16:25
