=================================================
Project : math_30	start : 19/03/10 09:36
Current failed test : org.apache.commons.math3.stat.inference.MannWhitneyUTestTest::testBigDataSet | 19/03/10 09:36
1552235787 s for the statement.

Sun Mar 10 09:36:27 PDT 2019 org.apache.commons.math3.special.Gamma,155
2 s for the statement.

Sun Mar 10 09:36:30 PDT 2019 org.apache.commons.math3.util.FastMath,3538
143 s for the statement.

Sun Mar 10 09:38:53 PDT 2019 org.apache.commons.math3.util.FastMath,3539
0 s for the statement.

Sun Mar 10 09:38:53 PDT 2019 Sun Mar 10 09:38:53 PDT 2019 : org.apache.commons.math3.special.Gamma,45=>Find no block
0 s for the statement.

Sun Mar 10 09:38:53 PDT 2019 Sun Mar 10 09:38:53 PDT 2019 : org.apache.commons.math3.special.Gamma,63=>Find no block
0 s for the statement.

Sun Mar 10 09:38:54 PDT 2019 org.apache.commons.math3.special.Gamma,154
4597 s for the statement.

Sun Mar 10 10:55:31 PDT 2019 org.apache.commons.math3.special.Gamma,186
1753 s for the statement.

Sun Mar 10 11:24:45 PDT 2019 org.apache.commons.math3.special.Erf,67
91 s for the statement.

Sun Mar 10 11:26:17 PDT 2019 org.apache.commons.math3.special.Erf,70
163 s for the statement.

Sun Mar 10 11:29:01 PDT 2019 org.apache.commons.math3.special.Erf,71
0 s for the statement.

Sun Mar 10 11:29:01 PDT 2019 org.apache.commons.math3.util.FastMath,375
80 s for the statement.

Sun Mar 10 11:30:21 PDT 2019 org.apache.commons.math3.util.FastMath,3020
10 s for the statement.

Sun Mar 10 11:30:32 PDT 2019 org.apache.commons.math3.util.FastMath,3535
135 s for the statement.

Sun Mar 10 11:32:47 PDT 2019 Sun Mar 10 11:32:47 PDT 2019 : org.apache.commons.math3.stat.inference.MannWhitneyUTest,82=>Find no block
0 s for the statement.

Sun Mar 10 11:32:48 PDT 2019 org.apache.commons.math3.stat.inference.MannWhitneyUTest,90
347 s for the statement.

Sun Mar 10 11:38:35 PDT 2019 org.apache.commons.math3.stat.inference.MannWhitneyUTest,92
0 s for the statement.

Sun Mar 10 11:38:35 PDT 2019 org.apache.commons.math3.stat.inference.MannWhitneyUTest,93
0 s for the statement.

Sun Mar 10 11:38:35 PDT 2019 org.apache.commons.math3.stat.inference.MannWhitneyUTest,95
0 s for the statement.

Sun Mar 10 11:38:35 PDT 2019 org.apache.commons.math3.stat.inference.MannWhitneyUTest,129
891 s for the statement.

Sun Mar 10 11:53:27 PDT 2019 org.apache.commons.math3.stat.inference.MannWhitneyUTest,131
0 s for the statement.

Sun Mar 10 11:53:27 PDT 2019 org.apache.commons.math3.stat.inference.MannWhitneyUTest,132
0 s for the statement.

Sun Mar 10 11:53:27 PDT 2019 org.apache.commons.math3.stat.inference.MannWhitneyUTest,134
0 s for the statement.

Sun Mar 10 11:53:27 PDT 2019 org.apache.commons.math3.stat.inference.MannWhitneyUTest,140
0 s for the statement.

Sun Mar 10 11:53:28 PDT 2019 org.apache.commons.math3.stat.inference.MannWhitneyUTest,141
0 s for the statement.

Sun Mar 10 11:53:28 PDT 2019 org.apache.commons.math3.stat.inference.MannWhitneyUTest,148
0 s for the statement.

Sun Mar 10 11:53:28 PDT 2019 org.apache.commons.math3.stat.inference.MannWhitneyUTest,153
0 s for the statement.

Sun Mar 10 11:53:28 PDT 2019 org.apache.commons.math3.stat.inference.MannWhitneyUTest,155
0 s for the statement.

Sun Mar 10 11:53:28 PDT 2019 org.apache.commons.math3.stat.inference.MannWhitneyUTest,173
164 s for the statement.

Sun Mar 10 11:56:13 PDT 2019 org.apache.commons.math3.stat.inference.MannWhitneyUTest,176
0 s for the statement.

Sun Mar 10 11:56:13 PDT 2019 org.apache.commons.math3.stat.inference.MannWhitneyUTest,177
0 s for the statement.

Sun Mar 10 11:56:13 PDT 2019 org.apache.commons.math3.stat.inference.MannWhitneyUTest,179
0 s for the statement.

Sun Mar 10 11:56:14 PDT 2019 org.apache.commons.math3.stat.inference.MannWhitneyUTest,181
0 s for the statement.

Sun Mar 10 11:56:14 PDT 2019 org.apache.commons.math3.stat.inference.MannWhitneyUTest,183
0 s for the statement.

Sun Mar 10 11:56:14 PDT 2019 org.apache.commons.math3.stat.inference.MannWhitneyUTest,224
105 s for the statement.

Sun Mar 10 11:58:00 PDT 2019 org.apache.commons.math3.stat.inference.MannWhitneyUTest,229
0 s for the statement.

Sun Mar 10 11:58:00 PDT 2019 org.apache.commons.math3.stat.inference.MannWhitneyUTest,231
0 s for the statement.

Sun Mar 10 11:58:00 PDT 2019 Sun Mar 10 11:58:00 PDT 2019 : org.apache.commons.math3.stat.ranking.NaturalRanking,432=>Find no block
0 s for the statement.

Sun Mar 10 11:58:01 PDT 2019 org.apache.commons.math3.stat.ranking.NaturalRanking,433
37 s for the statement.

Sun Mar 10 11:58:38 PDT 2019 org.apache.commons.math3.stat.ranking.NaturalRanking,434
0 s for the statement.

Sun Mar 10 11:58:38 PDT 2019 Sun Mar 10 11:58:38 PDT 2019 : org.apache.commons.math3.stat.ranking.NaturalRanking,435=>Find no block
0 s for the statement.

Sun Mar 10 11:58:38 PDT 2019 org.apache.commons.math3.stat.ranking.NaturalRanking,445
42 s for the statement.

Sun Mar 10 11:59:21 PDT 2019 org.apache.commons.math3.stat.ranking.NaturalRanking,453
23 s for the statement.

Sun Mar 10 11:59:44 PDT 2019 org.apache.commons.math3.stat.ranking.NaturalRanking,461
2 s for the statement.

Sun Mar 10 11:59:46 PDT 2019 Sun Mar 10 11:59:46 PDT 2019 : org.apache.commons.math3.stat.ranking.NaturalRanking,419=>Find no block
0 s for the statement.

Sun Mar 10 11:59:47 PDT 2019 Sun Mar 10 11:59:47 PDT 2019 : org.apache.commons.math3.stat.ranking.NaturalRanking,334=>Find no block
0 s for the statement.

Sun Mar 10 11:59:47 PDT 2019 Sun Mar 10 11:59:47 PDT 2019 : org.apache.commons.math3.stat.ranking.NaturalRanking,200=>Find no block
0 s for the statement.

Sun Mar 10 11:59:47 PDT 2019 org.apache.commons.math3.stat.ranking.NaturalRanking,193
451 s for the statement.

Sun Mar 10 12:07:19 PDT 2019 org.apache.commons.math3.stat.ranking.NaturalRanking,194
423 s for the statement.

Sun Mar 10 12:14:22 PDT 2019 org.apache.commons.math3.stat.ranking.NaturalRanking,195
0 s for the statement.

Sun Mar 10 12:14:22 PDT 2019 org.apache.commons.math3.stat.ranking.NaturalRanking,199
382 s for the statement.

Sun Mar 10 12:20:45 PDT 2019 Sun Mar 10 12:20:45 PDT 2019 : org.apache.commons.math3.stat.ranking.NaturalRanking,200=>Find no block
0 s for the statement.

Sun Mar 10 12:20:45 PDT 2019 org.apache.commons.math3.stat.ranking.NaturalRanking,211
21 s for the statement.

Sun Mar 10 12:21:06 PDT 2019 org.apache.commons.math3.stat.ranking.NaturalRanking,212
15 s for the statement.

Sun Mar 10 12:21:21 PDT 2019 org.apache.commons.math3.stat.ranking.NaturalRanking,218
360 s for the statement.

Sun Mar 10 12:27:22 PDT 2019 org.apache.commons.math3.stat.ranking.NaturalRanking,222
0 s for the statement.

Sun Mar 10 12:27:22 PDT 2019 org.apache.commons.math3.stat.ranking.NaturalRanking,223
381 s for the statement.

Sun Mar 10 12:33:43 PDT 2019 org.apache.commons.math3.stat.ranking.NaturalRanking,224
70 s for the statement.

Sun Mar 10 12:34:53 PDT 2019 org.apache.commons.math3.stat.ranking.NaturalRanking,225
124 s for the statement.

Sun Mar 10 12:36:58 PDT 2019 org.apache.commons.math3.stat.ranking.NaturalRanking,226
0 s for the statement.

Sun Mar 10 12:36:58 PDT 2019 org.apache.commons.math3.stat.ranking.NaturalRanking,227
1258 s for the statement.

Sun Mar 10 12:57:57 PDT 2019 org.apache.commons.math3.stat.ranking.NaturalRanking,228
0 s for the statement.

Sun Mar 10 12:57:57 PDT 2019 org.apache.commons.math3.stat.ranking.NaturalRanking,230
0 s for the statement.

Sun Mar 10 12:57:57 PDT 2019 org.apache.commons.math3.stat.ranking.NaturalRanking,231
0 s for the statement.

Sun Mar 10 12:57:57 PDT 2019 org.apache.commons.math3.stat.ranking.NaturalRanking,234
0 s for the statement.

Sun Mar 10 12:57:58 PDT 2019 org.apache.commons.math3.stat.ranking.NaturalRanking,235
0 s for the statement.

Sun Mar 10 12:57:58 PDT 2019 org.apache.commons.math3.stat.ranking.NaturalRanking,240
177 s for the statement.

Sun Mar 10 13:00:55 PDT 2019 org.apache.commons.math3.stat.ranking.NaturalRanking,242
0 s for the statement.

Sun Mar 10 13:00:56 PDT 2019 org.apache.commons.math3.stat.ranking.NaturalRanking,245
2 s for the statement.

Sun Mar 10 13:00:58 PDT 2019 org.apache.commons.math3.stat.ranking.NaturalRanking,246
0 s for the statement.

Sun Mar 10 13:00:58 PDT 2019 org.apache.commons.math3.stat.ranking.NaturalRanking,248
42 s for the statement.

Sun Mar 10 13:01:40 PDT 2019 org.apache.commons.math3.stat.ranking.NaturalRanking,387
17 s for the statement.

Sun Mar 10 13:01:57 PDT 2019 org.apache.commons.math3.stat.ranking.NaturalRanking,388
0 s for the statement.

Sun Mar 10 13:01:57 PDT 2019 org.apache.commons.math3.stat.ranking.NaturalRanking,404
753 s for the statement.

Sun Mar 10 13:14:31 PDT 2019 org.apache.commons.math3.stat.ranking.NaturalRanking,405
0 s for the statement.

Sun Mar 10 13:14:31 PDT 2019 org.apache.commons.math3.stat.ranking.NaturalRanking,406
0 s for the statement.

Sun Mar 10 13:14:31 PDT 2019 org.apache.commons.math3.stat.ranking.NaturalRanking,410
0 s for the statement.

Sun Mar 10 13:14:31 PDT 2019 Sun Mar 10 13:14:31 PDT 2019 : org.apache.commons.math3.distribution.AbstractRealDistribution,53=>Find no block
0 s for the statement.

Sun Mar 10 13:14:32 PDT 2019 Sun Mar 10 13:14:32 PDT 2019 : org.apache.commons.math3.distribution.AbstractRealDistribution,47=>Find no block
0 s for the statement.

Sun Mar 10 13:14:32 PDT 2019 Sun Mar 10 13:14:32 PDT 2019 : org.apache.commons.math3.distribution.AbstractRealDistribution,50=>Find no block
0 s for the statement.

Sun Mar 10 13:14:32 PDT 2019 org.apache.commons.math3.distribution.NormalDistribution,61
19 s for the statement.

Sun Mar 10 13:14:51 PDT 2019 Sun Mar 10 13:14:51 PDT 2019 : org.apache.commons.math3.distribution.NormalDistribution,62=>Find no block
0 s for the statement.

Sun Mar 10 13:14:51 PDT 2019 Sun Mar 10 13:14:51 PDT 2019 : org.apache.commons.math3.distribution.NormalDistribution,75=>Find no block
0 s for the statement.

Sun Mar 10 13:14:52 PDT 2019 org.apache.commons.math3.distribution.NormalDistribution,76
1 s for the statement.

Sun Mar 10 13:14:54 PDT 2019 org.apache.commons.math3.distribution.NormalDistribution,80
134 s for the statement.

Sun Mar 10 13:17:08 PDT 2019 org.apache.commons.math3.distribution.NormalDistribution,81
0 s for the statement.

Sun Mar 10 13:17:09 PDT 2019 org.apache.commons.math3.distribution.NormalDistribution,82
0 s for the statement.

Sun Mar 10 13:17:09 PDT 2019 Sun Mar 10 13:17:09 PDT 2019 : org.apache.commons.math3.distribution.NormalDistribution,83=>Find no block
0 s for the statement.

Sun Mar 10 13:17:09 PDT 2019 Sun Mar 10 13:17:09 PDT 2019 : org.apache.commons.math3.distribution.NormalDistribution,42=>Find no block
0 s for the statement.

Sun Mar 10 13:17:09 PDT 2019 Sun Mar 10 13:17:09 PDT 2019 : org.apache.commons.math3.distribution.NormalDistribution,44=>Find no block
0 s for the statement.

Sun Mar 10 13:17:09 PDT 2019 org.apache.commons.math3.distribution.NormalDistribution,137
464 s for the statement.

Sun Mar 10 13:24:54 PDT 2019 org.apache.commons.math3.distribution.NormalDistribution,138
105 s for the statement.

Sun Mar 10 13:26:40 PDT 2019 org.apache.commons.math3.distribution.NormalDistribution,141
0 s for the statement.

Sun Mar 10 13:26:40 PDT 2019 Sun Mar 10 13:26:40 PDT 2019 : org.apache.commons.math3.random.RandomDataImpl,168=>Find no block
0 s for the statement.

Sun Mar 10 13:26:40 PDT 2019 Sun Mar 10 13:26:40 PDT 2019 : org.apache.commons.math3.random.RandomDataImpl,126=>Find no block
0 s for the statement.

Sun Mar 10 13:26:40 PDT 2019 Sun Mar 10 13:26:40 PDT 2019 : org.apache.commons.math3.random.RandomDataImpl,129=>Find no block
0 s for the statement.

Sun Mar 10 13:26:41 PDT 2019 Sun Mar 10 13:26:41 PDT 2019 : org.apache.commons.math3.random.RandomDataImpl,169=>Find no block
0 s for the statement.

Sun Mar 10 13:26:41 PDT 2019 Sun Mar 10 13:26:41 PDT 2019 : org.apache.commons.math3.random.RandomDataImpl,139=>Find no block
0 s for the statement.

Sun Mar 10 13:26:41 PDT 2019 Sun Mar 10 13:26:41 PDT 2019 : org.apache.commons.math3.random.RandomDataImpl,140=>Find no block
0 s for the statement.

Sun Mar 10 13:26:41 PDT 2019 Sun Mar 10 13:26:41 PDT 2019 : org.apache.commons.math3.random.RandomDataImpl,141=>Find no block
0 s for the statement.

Sun Mar 10 13:26:41 PDT 2019 Sun Mar 10 13:26:41 PDT 2019 : org.apache.commons.math3.random.RandomDataImpl,149=>Find no block
0 s for the statement.

Sun Mar 10 13:26:41 PDT 2019 Sun Mar 10 13:26:41 PDT 2019 : org.apache.commons.math3.random.RandomDataImpl,151=>Find no block
0 s for the statement.

Sun Mar 10 13:26:42 PDT 2019 Sun Mar 10 13:26:42 PDT 2019 : org.apache.commons.math3.random.RandomDataImpl,152=>Find no block
0 s for the statement.

Sun Mar 10 13:26:42 PDT 2019 Sun Mar 10 13:26:42 PDT 2019 : org.apache.commons.math3.random.RandomDataImpl,153=>Find no block
0 s for the statement.

Sun Mar 10 13:26:42 PDT 2019 Sun Mar 10 13:26:42 PDT 2019 : org.apache.commons.math3.random.RandomDataImpl,154=>Find no block
0 s for the statement.

Sun Mar 10 13:26:42 PDT 2019 Sun Mar 10 13:26:42 PDT 2019 : org.apache.commons.math3.random.RandomDataImpl,157=>Find no block
0 s for the statement.

Sun Mar 10 13:26:42 PDT 2019 Sun Mar 10 13:26:42 PDT 2019 : org.apache.commons.math3.random.RandomDataImpl,158=>Find no block
0 s for the statement.

Sun Mar 10 13:26:42 PDT 2019 Sun Mar 10 13:26:42 PDT 2019 : org.apache.commons.math3.util.FastMath,3747=>Find no block
0 s for the statement.

Sun Mar 10 13:26:43 PDT 2019 Sun Mar 10 13:26:43 PDT 2019 : org.apache.commons.math3.util.FastMath,3773=>Find no block
0 s for the statement.

Sun Mar 10 13:26:43 PDT 2019 Sun Mar 10 13:26:43 PDT 2019 : org.apache.commons.math3.util.FastMath,3774=>Find no block
0 s for the statement.

Sun Mar 10 13:26:43 PDT 2019 Sun Mar 10 13:26:43 PDT 2019 : org.apache.commons.math3.util.FastMath,3776=>Find no block
0 s for the statement.

Sun Mar 10 13:26:43 PDT 2019 Sun Mar 10 13:26:43 PDT 2019 : org.apache.commons.math3.util.FastMathLiteralArrays,29=>Find no block
0 s for the statement.

Sun Mar 10 13:26:43 PDT 2019 Sun Mar 10 13:26:43 PDT 2019 : org.apache.commons.math3.util.FastMathLiteralArrays,1535=>Find no block
0 s for the statement.

Sun Mar 10 13:26:44 PDT 2019 Sun Mar 10 13:26:44 PDT 2019 : org.apache.commons.math3.util.FastMathLiteralArrays,3043=>Find no block
0 s for the statement.

Sun Mar 10 13:26:44 PDT 2019 Sun Mar 10 13:26:44 PDT 2019 : org.apache.commons.math3.util.FastMathLiteralArrays,4074=>Find no block
0 s for the statement.

Sun Mar 10 13:26:44 PDT 2019 Sun Mar 10 13:26:44 PDT 2019 : org.apache.commons.math3.util.FastMathLiteralArrays,5103=>Find no block
0 s for the statement.

Sun Mar 10 13:26:44 PDT 2019 org.apache.commons.math3.util.FastMathLiteralArrays,6142
77 s for the statement.

Sun Mar 10 13:28:01 PDT 2019 org.apache.commons.math3.util.FastMathLiteralArrays,6150
77 s for the statement.

Sun Mar 10 13:29:19 PDT 2019 org.apache.commons.math3.util.FastMathLiteralArrays,6158
77 s for the statement.

Sun Mar 10 13:30:36 PDT 2019 org.apache.commons.math3.util.FastMathLiteralArrays,6166
80 s for the statement.

Sun Mar 10 13:31:57 PDT 2019 org.apache.commons.math3.util.FastMathLiteralArrays,6174
34 s for the statement.

Sun Mar 10 13:32:31 PDT 2019 Sun Mar 10 13:32:31 PDT 2019 : org.apache.commons.math3.util.FastMath,113=>Find no block
0 s for the statement.

Sun Mar 10 13:32:32 PDT 2019 Sun Mar 10 13:32:32 PDT 2019 : org.apache.commons.math3.util.FastMath,126=>Find no block
0 s for the statement.

Sun Mar 10 13:32:32 PDT 2019 Sun Mar 10 13:32:32 PDT 2019 : org.apache.commons.math3.util.FastMath,139=>Find no block
0 s for the statement.

Sun Mar 10 13:32:32 PDT 2019 Sun Mar 10 13:32:32 PDT 2019 : org.apache.commons.math3.util.FastMath,158=>Find no block
0 s for the statement.

Sun Mar 10 13:32:32 PDT 2019 Sun Mar 10 13:32:32 PDT 2019 : org.apache.commons.math3.util.FastMath,177=>Find no block
0 s for the statement.

Sun Mar 10 13:32:32 PDT 2019 Sun Mar 10 13:32:32 PDT 2019 : org.apache.commons.math3.util.FastMath,196=>Find no block
0 s for the statement.

Sun Mar 10 13:32:33 PDT 2019 Sun Mar 10 13:32:33 PDT 2019 : org.apache.commons.math3.util.FastMath,216=>Find no block
0 s for the statement.

Sun Mar 10 13:32:33 PDT 2019 Sun Mar 10 13:32:33 PDT 2019 : org.apache.commons.math3.util.FastMath,235=>Find no block
0 s for the statement.

Sun Mar 10 13:32:33 PDT 2019 Sun Mar 10 13:32:33 PDT 2019 : org.apache.commons.math3.util.FastMath,254=>Find no block
0 s for the statement.

Sun Mar 10 13:32:33 PDT 2019 Sun Mar 10 13:32:33 PDT 2019 : org.apache.commons.math3.util.FastMath,275=>Find no block
0 s for the statement.

Sun Mar 10 13:32:33 PDT 2019 Sun Mar 10 13:32:33 PDT 2019 : org.apache.commons.math3.util.FastMath,283=>Find no block
0 s for the statement.

Sun Mar 10 13:32:33 PDT 2019 Sun Mar 10 13:32:33 PDT 2019 : org.apache.commons.math3.util.FastMath,286=>Find no block
0 s for the statement.

Sun Mar 10 13:32:34 PDT 2019 org.apache.commons.math3.util.FastMath,826
3257 s for the statement.

Sun Mar 10 14:26:51 PDT 2019 org.apache.commons.math3.util.FastMath,827
116 s for the statement.

Sun Mar 10 14:28:47 PDT 2019 org.apache.commons.math3.util.FastMath,829
0 s for the statement.

Sun Mar 10 14:28:47 PDT 2019 org.apache.commons.math3.util.FastMath,837
0 s for the statement.

Sun Mar 10 14:28:48 PDT 2019 org.apache.commons.math3.util.FastMath,847
0 s for the statement.

Sun Mar 10 14:28:48 PDT 2019 org.apache.commons.math3.util.FastMath,857
324 s for the statement.

Sun Mar 10 14:34:12 PDT 2019 org.apache.commons.math3.util.FastMath,859
22 s for the statement.

Sun Mar 10 14:34:35 PDT 2019 org.apache.commons.math3.util.FastMath,860
23 s for the statement.

Sun Mar 10 14:34:58 PDT 2019 org.apache.commons.math3.util.FastMath,862
0 s for the statement.

Sun Mar 10 14:34:58 PDT 2019 org.apache.commons.math3.util.FastMath,882
28 s for the statement.

Sun Mar 10 14:35:27 PDT 2019 org.apache.commons.math3.util.FastMath,883
0 s for the statement.

Sun Mar 10 14:35:27 PDT 2019 org.apache.commons.math3.util.FastMath,884
Timeout time : 19/03/10 14:36
