=================================================
Project : math_30	start : 19/03/11 11:47
Current failed test : org.apache.commons.math3.stat.inference.MannWhitneyUTestTest::testBigDataSet | 19/03/11 11:48
1552330083 s for the statement.

Mon Mar 11 11:48:03 PDT 2019 org.apache.commons.math3.special.Gamma,155
2 s for the statement.

Mon Mar 11 11:48:06 PDT 2019 org.apache.commons.math3.util.FastMath,3538
143 s for the statement.

Mon Mar 11 11:50:30 PDT 2019 org.apache.commons.math3.util.FastMath,3539
0 s for the statement.

Mon Mar 11 11:50:30 PDT 2019 Mon Mar 11 11:50:30 PDT 2019 : org.apache.commons.math3.special.Gamma,45=>Find no block
0 s for the statement.

Mon Mar 11 11:50:30 PDT 2019 Mon Mar 11 11:50:30 PDT 2019 : org.apache.commons.math3.special.Gamma,63=>Find no block
0 s for the statement.

Mon Mar 11 11:50:30 PDT 2019 org.apache.commons.math3.special.Gamma,154
4625 s for the statement.

Mon Mar 11 13:07:36 PDT 2019 org.apache.commons.math3.special.Gamma,186
1758 s for the statement.

Mon Mar 11 13:36:54 PDT 2019 org.apache.commons.math3.special.Erf,67
91 s for the statement.

Mon Mar 11 13:38:26 PDT 2019 org.apache.commons.math3.special.Erf,70
164 s for the statement.

Mon Mar 11 13:41:11 PDT 2019 org.apache.commons.math3.special.Erf,71
0 s for the statement.

Mon Mar 11 13:41:12 PDT 2019 org.apache.commons.math3.util.FastMath,375
80 s for the statement.

Mon Mar 11 13:42:32 PDT 2019 org.apache.commons.math3.util.FastMath,3020
10 s for the statement.

Mon Mar 11 13:42:43 PDT 2019 org.apache.commons.math3.util.FastMath,3535
135 s for the statement.

Mon Mar 11 13:44:58 PDT 2019 Mon Mar 11 13:44:58 PDT 2019 : org.apache.commons.math3.stat.inference.MannWhitneyUTest,82=>Find no block
0 s for the statement.

Mon Mar 11 13:44:58 PDT 2019 org.apache.commons.math3.stat.inference.MannWhitneyUTest,90
347 s for the statement.

Mon Mar 11 13:50:46 PDT 2019 org.apache.commons.math3.stat.inference.MannWhitneyUTest,92
0 s for the statement.

Mon Mar 11 13:50:46 PDT 2019 org.apache.commons.math3.stat.inference.MannWhitneyUTest,93
0 s for the statement.

Mon Mar 11 13:50:47 PDT 2019 org.apache.commons.math3.stat.inference.MannWhitneyUTest,95
0 s for the statement.

Mon Mar 11 13:50:47 PDT 2019 org.apache.commons.math3.stat.inference.MannWhitneyUTest,129
890 s for the statement.

Mon Mar 11 14:05:38 PDT 2019 org.apache.commons.math3.stat.inference.MannWhitneyUTest,131
0 s for the statement.

Mon Mar 11 14:05:38 PDT 2019 org.apache.commons.math3.stat.inference.MannWhitneyUTest,132
0 s for the statement.

Mon Mar 11 14:05:38 PDT 2019 org.apache.commons.math3.stat.inference.MannWhitneyUTest,134
0 s for the statement.

Mon Mar 11 14:05:38 PDT 2019 org.apache.commons.math3.stat.inference.MannWhitneyUTest,140
0 s for the statement.

Mon Mar 11 14:05:38 PDT 2019 org.apache.commons.math3.stat.inference.MannWhitneyUTest,141
0 s for the statement.

Mon Mar 11 14:05:39 PDT 2019 org.apache.commons.math3.stat.inference.MannWhitneyUTest,148
0 s for the statement.

Mon Mar 11 14:05:39 PDT 2019 org.apache.commons.math3.stat.inference.MannWhitneyUTest,153
0 s for the statement.

Mon Mar 11 14:05:39 PDT 2019 org.apache.commons.math3.stat.inference.MannWhitneyUTest,155
0 s for the statement.

Mon Mar 11 14:05:39 PDT 2019 org.apache.commons.math3.stat.inference.MannWhitneyUTest,173
165 s for the statement.

Mon Mar 11 14:08:25 PDT 2019 org.apache.commons.math3.stat.inference.MannWhitneyUTest,176
0 s for the statement.

Mon Mar 11 14:08:25 PDT 2019 org.apache.commons.math3.stat.inference.MannWhitneyUTest,177
0 s for the statement.

Mon Mar 11 14:08:25 PDT 2019 org.apache.commons.math3.stat.inference.MannWhitneyUTest,179
0 s for the statement.

Mon Mar 11 14:08:26 PDT 2019 org.apache.commons.math3.stat.inference.MannWhitneyUTest,181
0 s for the statement.

Mon Mar 11 14:08:26 PDT 2019 org.apache.commons.math3.stat.inference.MannWhitneyUTest,183
0 s for the statement.

Mon Mar 11 14:08:26 PDT 2019 org.apache.commons.math3.stat.inference.MannWhitneyUTest,224
105 s for the statement.

Mon Mar 11 14:10:12 PDT 2019 org.apache.commons.math3.stat.inference.MannWhitneyUTest,229
0 s for the statement.

Mon Mar 11 14:10:12 PDT 2019 org.apache.commons.math3.stat.inference.MannWhitneyUTest,231
0 s for the statement.

Mon Mar 11 14:10:12 PDT 2019 Mon Mar 11 14:10:12 PDT 2019 : org.apache.commons.math3.stat.ranking.NaturalRanking,432=>Find no block
0 s for the statement.

Mon Mar 11 14:10:13 PDT 2019 org.apache.commons.math3.stat.ranking.NaturalRanking,433
37 s for the statement.

Mon Mar 11 14:10:50 PDT 2019 org.apache.commons.math3.stat.ranking.NaturalRanking,434
0 s for the statement.

Mon Mar 11 14:10:50 PDT 2019 Mon Mar 11 14:10:50 PDT 2019 : org.apache.commons.math3.stat.ranking.NaturalRanking,435=>Find no block
0 s for the statement.

Mon Mar 11 14:10:50 PDT 2019 org.apache.commons.math3.stat.ranking.NaturalRanking,445
42 s for the statement.

Mon Mar 11 14:11:33 PDT 2019 org.apache.commons.math3.stat.ranking.NaturalRanking,453
23 s for the statement.

Mon Mar 11 14:11:57 PDT 2019 org.apache.commons.math3.stat.ranking.NaturalRanking,461
2 s for the statement.

Mon Mar 11 14:11:59 PDT 2019 Mon Mar 11 14:11:59 PDT 2019 : org.apache.commons.math3.stat.ranking.NaturalRanking,419=>Find no block
0 s for the statement.

Mon Mar 11 14:11:59 PDT 2019 Mon Mar 11 14:11:59 PDT 2019 : org.apache.commons.math3.stat.ranking.NaturalRanking,334=>Find no block
0 s for the statement.

Mon Mar 11 14:11:59 PDT 2019 Mon Mar 11 14:11:59 PDT 2019 : org.apache.commons.math3.stat.ranking.NaturalRanking,200=>Find no block
0 s for the statement.

Mon Mar 11 14:11:59 PDT 2019 org.apache.commons.math3.stat.ranking.NaturalRanking,193
453 s for the statement.

Mon Mar 11 14:19:33 PDT 2019 org.apache.commons.math3.stat.ranking.NaturalRanking,194
425 s for the statement.

Mon Mar 11 14:26:38 PDT 2019 org.apache.commons.math3.stat.ranking.NaturalRanking,195
0 s for the statement.

Mon Mar 11 14:26:38 PDT 2019 org.apache.commons.math3.stat.ranking.NaturalRanking,199
383 s for the statement.

Mon Mar 11 14:33:02 PDT 2019 Mon Mar 11 14:33:02 PDT 2019 : org.apache.commons.math3.stat.ranking.NaturalRanking,200=>Find no block
0 s for the statement.

Mon Mar 11 14:33:02 PDT 2019 org.apache.commons.math3.stat.ranking.NaturalRanking,211
21 s for the statement.

Mon Mar 11 14:33:23 PDT 2019 org.apache.commons.math3.stat.ranking.NaturalRanking,212
14 s for the statement.

Mon Mar 11 14:33:38 PDT 2019 org.apache.commons.math3.stat.ranking.NaturalRanking,218
361 s for the statement.

Mon Mar 11 14:39:39 PDT 2019 org.apache.commons.math3.stat.ranking.NaturalRanking,222
0 s for the statement.

Mon Mar 11 14:39:39 PDT 2019 org.apache.commons.math3.stat.ranking.NaturalRanking,223
382 s for the statement.

Mon Mar 11 14:46:02 PDT 2019 org.apache.commons.math3.stat.ranking.NaturalRanking,224
70 s for the statement.

Mon Mar 11 14:47:12 PDT 2019 org.apache.commons.math3.stat.ranking.NaturalRanking,225
125 s for the statement.

Mon Mar 11 14:49:17 PDT 2019 org.apache.commons.math3.stat.ranking.NaturalRanking,226
0 s for the statement.

Mon Mar 11 14:49:17 PDT 2019 org.apache.commons.math3.stat.ranking.NaturalRanking,227
1259 s for the statement.

Mon Mar 11 15:10:17 PDT 2019 org.apache.commons.math3.stat.ranking.NaturalRanking,228
0 s for the statement.

Mon Mar 11 15:10:17 PDT 2019 org.apache.commons.math3.stat.ranking.NaturalRanking,230
0 s for the statement.

Mon Mar 11 15:10:18 PDT 2019 org.apache.commons.math3.stat.ranking.NaturalRanking,231
0 s for the statement.

Mon Mar 11 15:10:18 PDT 2019 org.apache.commons.math3.stat.ranking.NaturalRanking,234
0 s for the statement.

Mon Mar 11 15:10:18 PDT 2019 org.apache.commons.math3.stat.ranking.NaturalRanking,235
0 s for the statement.

Mon Mar 11 15:10:18 PDT 2019 org.apache.commons.math3.stat.ranking.NaturalRanking,240
177 s for the statement.

Mon Mar 11 15:13:16 PDT 2019 org.apache.commons.math3.stat.ranking.NaturalRanking,242
0 s for the statement.

Mon Mar 11 15:13:16 PDT 2019 org.apache.commons.math3.stat.ranking.NaturalRanking,245
2 s for the statement.

Mon Mar 11 15:13:19 PDT 2019 org.apache.commons.math3.stat.ranking.NaturalRanking,246
0 s for the statement.

Mon Mar 11 15:13:19 PDT 2019 org.apache.commons.math3.stat.ranking.NaturalRanking,248
41 s for the statement.

Mon Mar 11 15:14:01 PDT 2019 org.apache.commons.math3.stat.ranking.NaturalRanking,387
17 s for the statement.

Mon Mar 11 15:14:18 PDT 2019 org.apache.commons.math3.stat.ranking.NaturalRanking,388
0 s for the statement.

Mon Mar 11 15:14:18 PDT 2019 org.apache.commons.math3.stat.ranking.NaturalRanking,404
753 s for the statement.

Mon Mar 11 15:26:52 PDT 2019 org.apache.commons.math3.stat.ranking.NaturalRanking,405
0 s for the statement.

Mon Mar 11 15:26:52 PDT 2019 org.apache.commons.math3.stat.ranking.NaturalRanking,406
0 s for the statement.

Mon Mar 11 15:26:52 PDT 2019 org.apache.commons.math3.stat.ranking.NaturalRanking,410
0 s for the statement.

Mon Mar 11 15:26:52 PDT 2019 Mon Mar 11 15:26:52 PDT 2019 : org.apache.commons.math3.distribution.AbstractRealDistribution,53=>Find no block
0 s for the statement.

Mon Mar 11 15:26:53 PDT 2019 Mon Mar 11 15:26:53 PDT 2019 : org.apache.commons.math3.distribution.AbstractRealDistribution,47=>Find no block
0 s for the statement.

Mon Mar 11 15:26:53 PDT 2019 Mon Mar 11 15:26:53 PDT 2019 : org.apache.commons.math3.distribution.AbstractRealDistribution,50=>Find no block
0 s for the statement.

Mon Mar 11 15:26:53 PDT 2019 org.apache.commons.math3.distribution.NormalDistribution,61
19 s for the statement.

Mon Mar 11 15:27:12 PDT 2019 Mon Mar 11 15:27:12 PDT 2019 : org.apache.commons.math3.distribution.NormalDistribution,62=>Find no block
0 s for the statement.

Mon Mar 11 15:27:12 PDT 2019 Mon Mar 11 15:27:12 PDT 2019 : org.apache.commons.math3.distribution.NormalDistribution,75=>Find no block
0 s for the statement.

Mon Mar 11 15:27:13 PDT 2019 org.apache.commons.math3.distribution.NormalDistribution,76
1 s for the statement.

Mon Mar 11 15:27:15 PDT 2019 org.apache.commons.math3.distribution.NormalDistribution,80
134 s for the statement.

Mon Mar 11 15:29:30 PDT 2019 org.apache.commons.math3.distribution.NormalDistribution,81
0 s for the statement.

Mon Mar 11 15:29:30 PDT 2019 org.apache.commons.math3.distribution.NormalDistribution,82
0 s for the statement.

Mon Mar 11 15:29:30 PDT 2019 Mon Mar 11 15:29:30 PDT 2019 : org.apache.commons.math3.distribution.NormalDistribution,83=>Find no block
0 s for the statement.

Mon Mar 11 15:29:30 PDT 2019 Mon Mar 11 15:29:30 PDT 2019 : org.apache.commons.math3.distribution.NormalDistribution,42=>Find no block
0 s for the statement.

Mon Mar 11 15:29:30 PDT 2019 Mon Mar 11 15:29:30 PDT 2019 : org.apache.commons.math3.distribution.NormalDistribution,44=>Find no block
0 s for the statement.

Mon Mar 11 15:29:31 PDT 2019 org.apache.commons.math3.distribution.NormalDistribution,137
464 s for the statement.

Mon Mar 11 15:37:15 PDT 2019 org.apache.commons.math3.distribution.NormalDistribution,138
105 s for the statement.

Mon Mar 11 15:39:00 PDT 2019 org.apache.commons.math3.distribution.NormalDistribution,141
0 s for the statement.

Mon Mar 11 15:39:00 PDT 2019 Mon Mar 11 15:39:00 PDT 2019 : org.apache.commons.math3.random.RandomDataImpl,168=>Find no block
0 s for the statement.

Mon Mar 11 15:39:01 PDT 2019 Mon Mar 11 15:39:01 PDT 2019 : org.apache.commons.math3.random.RandomDataImpl,126=>Find no block
0 s for the statement.

Mon Mar 11 15:39:01 PDT 2019 Mon Mar 11 15:39:01 PDT 2019 : org.apache.commons.math3.random.RandomDataImpl,129=>Find no block
0 s for the statement.

Mon Mar 11 15:39:01 PDT 2019 Mon Mar 11 15:39:01 PDT 2019 : org.apache.commons.math3.random.RandomDataImpl,169=>Find no block
0 s for the statement.

Mon Mar 11 15:39:01 PDT 2019 Mon Mar 11 15:39:01 PDT 2019 : org.apache.commons.math3.random.RandomDataImpl,139=>Find no block
0 s for the statement.

Mon Mar 11 15:39:01 PDT 2019 Mon Mar 11 15:39:01 PDT 2019 : org.apache.commons.math3.random.RandomDataImpl,140=>Find no block
0 s for the statement.

Mon Mar 11 15:39:02 PDT 2019 Mon Mar 11 15:39:02 PDT 2019 : org.apache.commons.math3.random.RandomDataImpl,141=>Find no block
0 s for the statement.

Mon Mar 11 15:39:02 PDT 2019 Mon Mar 11 15:39:02 PDT 2019 : org.apache.commons.math3.random.RandomDataImpl,149=>Find no block
0 s for the statement.

Mon Mar 11 15:39:02 PDT 2019 Mon Mar 11 15:39:02 PDT 2019 : org.apache.commons.math3.random.RandomDataImpl,151=>Find no block
0 s for the statement.

Mon Mar 11 15:39:02 PDT 2019 Mon Mar 11 15:39:02 PDT 2019 : org.apache.commons.math3.random.RandomDataImpl,152=>Find no block
0 s for the statement.

Mon Mar 11 15:39:02 PDT 2019 Mon Mar 11 15:39:02 PDT 2019 : org.apache.commons.math3.random.RandomDataImpl,153=>Find no block
0 s for the statement.

Mon Mar 11 15:39:03 PDT 2019 Mon Mar 11 15:39:03 PDT 2019 : org.apache.commons.math3.random.RandomDataImpl,154=>Find no block
0 s for the statement.

Mon Mar 11 15:39:03 PDT 2019 Mon Mar 11 15:39:03 PDT 2019 : org.apache.commons.math3.random.RandomDataImpl,157=>Find no block
0 s for the statement.

Mon Mar 11 15:39:03 PDT 2019 Mon Mar 11 15:39:03 PDT 2019 : org.apache.commons.math3.random.RandomDataImpl,158=>Find no block
0 s for the statement.

Mon Mar 11 15:39:03 PDT 2019 Mon Mar 11 15:39:03 PDT 2019 : org.apache.commons.math3.util.FastMath,3747=>Find no block
0 s for the statement.

Mon Mar 11 15:39:03 PDT 2019 Mon Mar 11 15:39:03 PDT 2019 : org.apache.commons.math3.util.FastMath,3773=>Find no block
0 s for the statement.

Mon Mar 11 15:39:03 PDT 2019 Mon Mar 11 15:39:03 PDT 2019 : org.apache.commons.math3.util.FastMath,3774=>Find no block
0 s for the statement.

Mon Mar 11 15:39:04 PDT 2019 Mon Mar 11 15:39:04 PDT 2019 : org.apache.commons.math3.util.FastMath,3776=>Find no block
0 s for the statement.

Mon Mar 11 15:39:04 PDT 2019 Mon Mar 11 15:39:04 PDT 2019 : org.apache.commons.math3.util.FastMathLiteralArrays,29=>Find no block
0 s for the statement.

Mon Mar 11 15:39:04 PDT 2019 Mon Mar 11 15:39:04 PDT 2019 : org.apache.commons.math3.util.FastMathLiteralArrays,1535=>Find no block
0 s for the statement.

Mon Mar 11 15:39:04 PDT 2019 Mon Mar 11 15:39:04 PDT 2019 : org.apache.commons.math3.util.FastMathLiteralArrays,3043=>Find no block
0 s for the statement.

Mon Mar 11 15:39:04 PDT 2019 Mon Mar 11 15:39:04 PDT 2019 : org.apache.commons.math3.util.FastMathLiteralArrays,4074=>Find no block
0 s for the statement.

Mon Mar 11 15:39:05 PDT 2019 Mon Mar 11 15:39:05 PDT 2019 : org.apache.commons.math3.util.FastMathLiteralArrays,5103=>Find no block
0 s for the statement.

Mon Mar 11 15:39:05 PDT 2019 org.apache.commons.math3.util.FastMathLiteralArrays,6142
77 s for the statement.

Mon Mar 11 15:40:22 PDT 2019 org.apache.commons.math3.util.FastMathLiteralArrays,6150
77 s for the statement.

Mon Mar 11 15:41:40 PDT 2019 org.apache.commons.math3.util.FastMathLiteralArrays,6158
77 s for the statement.

Mon Mar 11 15:42:57 PDT 2019 org.apache.commons.math3.util.FastMathLiteralArrays,6166
80 s for the statement.

Mon Mar 11 15:44:18 PDT 2019 org.apache.commons.math3.util.FastMathLiteralArrays,6174
34 s for the statement.

Mon Mar 11 15:44:52 PDT 2019 Mon Mar 11 15:44:52 PDT 2019 : org.apache.commons.math3.util.FastMath,113=>Find no block
0 s for the statement.

Mon Mar 11 15:44:53 PDT 2019 Mon Mar 11 15:44:53 PDT 2019 : org.apache.commons.math3.util.FastMath,126=>Find no block
0 s for the statement.

Mon Mar 11 15:44:53 PDT 2019 Mon Mar 11 15:44:53 PDT 2019 : org.apache.commons.math3.util.FastMath,139=>Find no block
0 s for the statement.

Mon Mar 11 15:44:53 PDT 2019 Mon Mar 11 15:44:53 PDT 2019 : org.apache.commons.math3.util.FastMath,158=>Find no block
0 s for the statement.

Mon Mar 11 15:44:53 PDT 2019 Mon Mar 11 15:44:53 PDT 2019 : org.apache.commons.math3.util.FastMath,177=>Find no block
0 s for the statement.

Mon Mar 11 15:44:53 PDT 2019 Mon Mar 11 15:44:53 PDT 2019 : org.apache.commons.math3.util.FastMath,196=>Find no block
0 s for the statement.

Mon Mar 11 15:44:54 PDT 2019 Mon Mar 11 15:44:54 PDT 2019 : org.apache.commons.math3.util.FastMath,216=>Find no block
0 s for the statement.

Mon Mar 11 15:44:54 PDT 2019 Mon Mar 11 15:44:54 PDT 2019 : org.apache.commons.math3.util.FastMath,235=>Find no block
0 s for the statement.

Mon Mar 11 15:44:54 PDT 2019 Mon Mar 11 15:44:54 PDT 2019 : org.apache.commons.math3.util.FastMath,254=>Find no block
0 s for the statement.

Mon Mar 11 15:44:54 PDT 2019 Mon Mar 11 15:44:54 PDT 2019 : org.apache.commons.math3.util.FastMath,275=>Find no block
0 s for the statement.

Mon Mar 11 15:44:54 PDT 2019 Mon Mar 11 15:44:54 PDT 2019 : org.apache.commons.math3.util.FastMath,283=>Find no block
0 s for the statement.

Mon Mar 11 15:44:55 PDT 2019 Mon Mar 11 15:44:55 PDT 2019 : org.apache.commons.math3.util.FastMath,286=>Find no block
0 s for the statement.

Mon Mar 11 15:44:55 PDT 2019 org.apache.commons.math3.util.FastMath,826
3269 s for the statement.

Mon Mar 11 16:39:24 PDT 2019 org.apache.commons.math3.util.FastMath,827
116 s for the statement.

Mon Mar 11 16:41:21 PDT 2019 org.apache.commons.math3.util.FastMath,829
0 s for the statement.

Mon Mar 11 16:41:21 PDT 2019 org.apache.commons.math3.util.FastMath,837
0 s for the statement.

Mon Mar 11 16:41:21 PDT 2019 org.apache.commons.math3.util.FastMath,847
0 s for the statement.

Mon Mar 11 16:41:21 PDT 2019 org.apache.commons.math3.util.FastMath,857
325 s for the statement.

Mon Mar 11 16:46:47 PDT 2019 org.apache.commons.math3.util.FastMath,859
23 s for the statement.

Mon Mar 11 16:47:10 PDT 2019 org.apache.commons.math3.util.FastMath,860
23 s for the statement.

Mon Mar 11 16:47:33 PDT 2019 org.apache.commons.math3.util.FastMath,862
0 s for the statement.

Mon Mar 11 16:47:33 PDT 2019 org.apache.commons.math3.util.FastMath,882
28 s for the statement.

Mon Mar 11 16:48:02 PDT 2019 org.apache.commons.math3.util.FastMath,883
0 s for the statement.

Mon Mar 11 16:48:02 PDT 2019 org.apache.commons.math3.util.FastMath,884
Timeout time : 19/03/11 16:48
