=================================================
Project : closure_107	start : 19/03/17 08:45
Current failed test : com.google.javascript.jscomp.CommandLineRunnerTest::testGetMsgWiringNoWarnings | 19/03/17 08:45
1552837560 s for the statement.

Sun Mar 17 08:46:00 PDT 2019 com.google.javascript.jscomp.parsing.JsDocInfoParser,1561
163 s for the statement.

Sun Mar 17 08:48:43 PDT 2019 Sun Mar 17 08:48:43 PDT 2019 : com.google.javascript.jscomp.parsing.JsDocInfoParser,1426=>Find no block
0 s for the statement.

Sun Mar 17 08:48:44 PDT 2019 Sun Mar 17 08:48:44 PDT 2019 : com.google.javascript.jscomp.ReplaceMessages,36=>Find no block
0 s for the statement.

Sun Mar 17 08:48:44 PDT 2019 com.google.javascript.jscomp.parsing.JsDocInfoParser,1594
262 s for the statement.

Sun Mar 17 08:53:07 PDT 2019 com.google.javascript.jscomp.ReplaceMessages,46
506 s for the statement.

Sun Mar 17 09:01:33 PDT 2019 Sun Mar 17 09:01:33 PDT 2019 : com.google.javascript.jscomp.CheckRegExp,53=>Find no block
0 s for the statement.

Sun Mar 17 09:01:33 PDT 2019 com.google.javascript.rhino.JSDocInfo,1211
146 s for the statement.

Sun Mar 17 09:04:00 PDT 2019 com.google.javascript.jscomp.CompilerOptions,1339
36 s for the statement.

Sun Mar 17 09:04:37 PDT 2019 Sun Mar 17 09:04:37 PDT 2019 : com.google.javascript.jscomp.parsing.JsDocInfoParser,1473=>Find no block
0 s for the statement.

Sun Mar 17 09:04:37 PDT 2019 com.google.javascript.jscomp.JsMessage,326
14 s for the statement.

Sun Mar 17 09:04:51 PDT 2019 com.google.javascript.jscomp.parsing.JsDocTokenStream,206
3 s for the statement.

Sun Mar 17 09:04:55 PDT 2019 Sun Mar 17 09:04:55 PDT 2019 : com.google.javascript.jscomp.JsMessageVisitor,183=>Find no block
0 s for the statement.

Sun Mar 17 09:04:55 PDT 2019 com.google.javascript.jscomp.parsing.JsDocTokenStream,394
599 s for the statement.

Sun Mar 17 09:14:54 PDT 2019 com.google.javascript.jscomp.parsing.JsDocTokenStream,214
1182 s for the statement.

Sun Mar 17 09:34:37 PDT 2019 Sun Mar 17 09:34:37 PDT 2019 : com.google.javascript.jscomp.JsMessage,325=>Find no block
0 s for the statement.

Sun Mar 17 09:34:37 PDT 2019 com.google.javascript.rhino.JSDocInfoBuilder,178
123 s for the statement.

Sun Mar 17 09:36:40 PDT 2019 com.google.javascript.jscomp.JsMessageVisitor,257

----------------------------------------
----------------------------------------
Pass Single Test : [=>0,0]
if(traversal.inGlobalScope()){
return ;
}
if(isNewStyleMessage){
googMsgNodes.remove(msgNode);
}else if(style!=JsMessage.Style.LEGACY){
compiler.report(traversal.makeError(node,checkLevel,MESSAGE_NOT_INITIALIZED_USING_NEW_SYNTAX));
}

Time : 19/03/17 09:55
----------------------------------------

----------------------------------------
----------------------------------------
Pass Single Test : [=>0,0]
if(traversal.inGlobalScope()){
return ;
}
new ControlFlowAnalysis(compiler,false,true).process(null,traversal.getScopeRoot().getLastChild());
if(isNewStyleMessage){
googMsgNodes.remove(msgNode);
}else if(style!=JsMessage.Style.LEGACY){
compiler.report(traversal.makeError(node,checkLevel,MESSAGE_NOT_INITIALIZED_USING_NEW_SYNTAX));
}

Time : 19/03/17 09:59
----------------------------------------
1545 s for the statement.

Sun Mar 17 10:02:25 PDT 2019 com.google.javascript.jscomp.parsing.JsDocTokenStream,331
301 s for the statement.

Sun Mar 17 10:07:26 PDT 2019 com.google.javascript.jscomp.JsMessageVisitor,864
74 s for the statement.

Sun Mar 17 10:08:41 PDT 2019 com.google.javascript.jscomp.parsing.JsDocInfoParser,1586
54 s for the statement.

Sun Mar 17 10:09:36 PDT 2019 com.google.javascript.jscomp.JsMessageVisitor,939
282 s for the statement.

Sun Mar 17 10:14:18 PDT 2019 com.google.javascript.jscomp.JsMessage,331
99 s for the statement.

Sun Mar 17 10:15:58 PDT 2019 com.google.javascript.jscomp.CompilationLevel,138
104 s for the statement.

Sun Mar 17 10:17:43 PDT 2019 com.google.javascript.jscomp.parsing.JsDocInfoParser,1510
167 s for the statement.

Sun Mar 17 10:20:30 PDT 2019 com.google.javascript.jscomp.CompilerOptions,1338
86 s for the statement.

Sun Mar 17 10:21:57 PDT 2019 com.google.javascript.jscomp.JsMessageVisitor,406
37 s for the statement.

Sun Mar 17 10:22:34 PDT 2019 com.google.javascript.jscomp.parsing.JsDocInfoParser,1522
2273 s for the statement.

Sun Mar 17 11:00:27 PDT 2019 Sun Mar 17 11:00:27 PDT 2019 : com.google.javascript.jscomp.DefaultPassConfig,1180=>Find no block
0 s for the statement.

Sun Mar 17 11:00:27 PDT 2019 com.google.javascript.jscomp.JsMessageVisitor,187

----------------------------------------
----------------------------------------
Pass Single Test : [=>0,0]
NodeTraversal.traverse(compiler,externs,this);
for(Map.Entry<Node,String> msgNode : googMsgNodes.entrySet()){
compiler.report(JSError.make(msgNode.getValue(),msgNode.getKey(),checkLevel,MESSAGE_NODE_IS_ORPHANED));
}

Time : 19/03/17 11:01
----------------------------------------

----------------------------------------
----------------------------------------
Pass Single Test : [=>0,0]
new SimpleDefinitionFinder(compiler).process(externs,root);
NodeTraversal.traverse(compiler,externs,this);
for(Map.Entry<Node,String> msgNode : googMsgNodes.entrySet()){
compiler.report(JSError.make(msgNode.getValue(),msgNode.getKey(),checkLevel,MESSAGE_NODE_IS_ORPHANED));
}

Time : 19/03/17 11:05
----------------------------------------

----------------------------------------
----------------------------------------
Pass Single Test : [=>0,0]
externs=externs;
NodeTraversal.traverse(compiler,externs,this);
for(Map.Entry<Node,String> msgNode : googMsgNodes.entrySet()){
compiler.report(JSError.make(msgNode.getValue(),msgNode.getKey(),checkLevel,MESSAGE_NODE_IS_ORPHANED));
}

Time : 19/03/17 11:09
----------------------------------------
1887 s for the statement.

Sun Mar 17 11:31:55 PDT 2019 com.google.javascript.jscomp.parsing.JsDocInfoParser,1514
209 s for the statement.

Sun Mar 17 11:35:24 PDT 2019 Sun Mar 17 11:35:24 PDT 2019 : com.google.javascript.jscomp.DefaultPassConfig,1172=>Find no block
0 s for the statement.

Sun Mar 17 11:35:24 PDT 2019 com.google.javascript.jscomp.JsMessageVisitor,264

----------------------------------------
----------------------------------------
Pass Single Test : [=>0,0]
if(traversal.inGlobalScope()){
return ;
}
if(isNewStyleMessage){
googMsgNodes.remove(msgNode);
}else if(style!=JsMessage.Style.LEGACY){
compiler.report(traversal.makeError(node,checkLevel,MESSAGE_NOT_INITIALIZED_USING_NEW_SYNTAX));
}
boolean isUnnamedMsg=isUnnamedMessageName(messageKey);
Builder builder=new Builder(isUnnamedMsg?null:messageKey);

Time : 19/03/17 11:52
----------------------------------------

----------------------------------------
----------------------------------------
Pass Single Test : [=>0,0]
if(traversal.inGlobalScope()){
return ;
}
new ControlFlowAnalysis(compiler,false,true).process(null,traversal.getScopeRoot().getLastChild());
if(isNewStyleMessage){
googMsgNodes.remove(msgNode);
}else if(style!=JsMessage.Style.LEGACY){
compiler.report(traversal.makeError(node,checkLevel,MESSAGE_NOT_INITIALIZED_USING_NEW_SYNTAX));
}
boolean isUnnamedMsg=isUnnamedMessageName(messageKey);
Builder builder=new Builder(isUnnamedMsg?null:messageKey);

Time : 19/03/17 11:55
----------------------------------------
1412 s for the statement.

Sun Mar 17 11:58:56 PDT 2019 com.google.javascript.jscomp.parsing.JsDocTokenStream,215
133 s for the statement.

Sun Mar 17 12:01:10 PDT 2019 com.google.javascript.jscomp.JsMessageVisitor,279
3095 s for the statement.

Sun Mar 17 12:52:45 PDT 2019 com.google.javascript.jscomp.parsing.JsDocInfoParser,436
1890 s for the statement.

Sun Mar 17 13:24:16 PDT 2019 Sun Mar 17 13:24:16 PDT 2019 : com.google.javascript.jscomp.parsing.JsDocInfoParser,1478=>Find no block
0 s for the statement.

Sun Mar 17 13:24:16 PDT 2019 com.google.javascript.jscomp.parsing.JsDocInfoParser,1564
Timeout time : 19/03/17 13:46
