=================================================
Project : time_19	start : 19/03/16 01:07
Current failed test : org.joda.time.TestDateTimeZoneCutover::testDateTimeCreation_london | 19/03/16 01:07
1552723655 s for the statement.

Sat Mar 16 01:07:35 PDT 2019 org.joda.time.DateTime,331
12 s for the statement.

Sat Mar 16 01:07:47 PDT 2019 Sat Mar 16 01:07:47 PDT 2019 : org.joda.time.DateTime,333=>Find no block
0 s for the statement.

Sat Mar 16 01:07:47 PDT 2019 org.joda.time.tz.CachedDateTimeZone,210
412 s for the statement.

Sat Mar 16 01:14:40 PDT 2019 org.joda.time.format.DateTimeFormatterBuilder,2116
294 s for the statement.

Sat Mar 16 01:19:34 PDT 2019 org.joda.time.format.DateTimeFormatterBuilder,2117
0 s for the statement.

Sat Mar 16 01:19:34 PDT 2019 org.joda.time.base.AbstractInstant,424
78 s for the statement.

Sat Mar 16 01:20:52 PDT 2019 org.joda.time.format.DateTimeFormatterBuilder,1924
606 s for the statement.

Sat Mar 16 01:30:59 PDT 2019 org.joda.time.format.DateTimeFormatterBuilder,1925
0 s for the statement.

Sat Mar 16 01:30:59 PDT 2019 org.joda.time.format.DateTimeFormatterBuilder,1926
0 s for the statement.

Sat Mar 16 01:30:59 PDT 2019 org.joda.time.format.DateTimeFormatterBuilder,1933
463 s for the statement.

Sat Mar 16 01:38:43 PDT 2019 org.joda.time.chrono.BasicGJChronology,190
15 s for the statement.

Sat Mar 16 01:38:58 PDT 2019 Sat Mar 16 01:38:58 PDT 2019 : org.joda.time.base.BaseDateTime,225=>Find no block
0 s for the statement.

Sat Mar 16 01:38:59 PDT 2019 org.joda.time.base.BaseDateTime,223
1 s for the statement.

Sat Mar 16 01:39:00 PDT 2019 org.joda.time.format.ISODateTimeFormat,953
693 s for the statement.

Sat Mar 16 01:50:34 PDT 2019 org.joda.time.format.ISODateTimeFormat,954
0 s for the statement.

Sat Mar 16 01:50:34 PDT 2019 org.joda.time.format.ISODateTimeFormat,959
693 s for the statement.

Sat Mar 16 02:02:07 PDT 2019 org.joda.time.format.ISODateTimeFormat,916
694 s for the statement.

Sat Mar 16 02:13:41 PDT 2019 org.joda.time.format.ISODateTimeFormat,917
0 s for the statement.

Sat Mar 16 02:13:41 PDT 2019 org.joda.time.format.ISODateTimeFormat,922
693 s for the statement.

Sat Mar 16 02:25:15 PDT 2019 org.joda.time.format.DateTimeFormatterBuilder,1875
2 s for the statement.

Sat Mar 16 02:25:17 PDT 2019 Sat Mar 16 02:25:17 PDT 2019 : org.joda.time.format.DateTimeFormatterBuilder,1878=>Find no block
0 s for the statement.

Sat Mar 16 02:25:17 PDT 2019 Sat Mar 16 02:25:17 PDT 2019 : org.joda.time.format.DateTimeFormatterBuilder,1879=>Find no block
0 s for the statement.

Sat Mar 16 02:25:17 PDT 2019 org.joda.time.format.ISODateTimeFormat,879
694 s for the statement.

Sat Mar 16 02:36:51 PDT 2019 org.joda.time.format.ISODateTimeFormat,880
0 s for the statement.

Sat Mar 16 02:36:51 PDT 2019 org.joda.time.format.ISODateTimeFormat,885
694 s for the statement.

Sat Mar 16 02:48:26 PDT 2019 org.joda.time.format.ISODateTimeFormat,1482
702 s for the statement.

Sat Mar 16 03:00:08 PDT 2019 org.joda.time.format.ISODateTimeFormat,1483
0 s for the statement.

Sat Mar 16 03:00:08 PDT 2019 org.joda.time.format.ISODateTimeFormat,1490
703 s for the statement.

Sat Mar 16 03:11:52 PDT 2019 org.joda.time.format.ISODateTimeFormat,1691
717 s for the statement.

Sat Mar 16 03:23:49 PDT 2019 org.joda.time.format.ISODateTimeFormat,1692
0 s for the statement.

Sat Mar 16 03:23:49 PDT 2019 org.joda.time.format.ISODateTimeFormat,1699
715 s for the statement.

Sat Mar 16 03:35:45 PDT 2019 org.joda.time.format.DateTimeFormatterBuilder,2112
1 s for the statement.

Sat Mar 16 03:35:46 PDT 2019 org.joda.time.format.DateTimeFormatterBuilder,2115
0 s for the statement.

Sat Mar 16 03:35:46 PDT 2019 org.joda.time.format.DateTimeFormatterBuilder,1908
190 s for the statement.

Sat Mar 16 03:38:56 PDT 2019 org.joda.time.format.DateTimeFormatterBuilder,1909
0 s for the statement.

Sat Mar 16 03:38:57 PDT 2019 org.joda.time.format.DateTimeFormatterBuilder,1913
22 s for the statement.

Sat Mar 16 03:39:19 PDT 2019 Sat Mar 16 03:39:19 PDT 2019 : org.joda.time.format.DateTimeFormatterBuilder,1921=>Find no block
0 s for the statement.

Sat Mar 16 03:39:19 PDT 2019 org.joda.time.format.DateTimeFormatterBuilder,1923
0 s for the statement.

Sat Mar 16 03:39:20 PDT 2019 org.joda.time.field.PreciseDurationDateTimeField,127
438 s for the statement.

Sat Mar 16 03:46:38 PDT 2019 org.joda.time.field.PreciseDurationDateTimeField,126
0 s for the statement.

Sat Mar 16 03:46:38 PDT 2019 org.joda.time.format.ISODateTimeFormat,866
0 s for the statement.

Sat Mar 16 03:46:39 PDT 2019 org.joda.time.format.ISODateTimeFormat,1358
694 s for the statement.

Sat Mar 16 03:58:13 PDT 2019 org.joda.time.format.ISODateTimeFormat,1359
0 s for the statement.

Sat Mar 16 03:58:13 PDT 2019 org.joda.time.format.ISODateTimeFormat,1365
694 s for the statement.

Sat Mar 16 04:09:47 PDT 2019 org.joda.time.format.DateTimeFormatterBuilder,2621
1 s for the statement.

Sat Mar 16 04:09:48 PDT 2019 org.joda.time.format.FormatUtils,68
472 s for the statement.

Sat Mar 16 04:17:41 PDT 2019 org.joda.time.format.FormatUtils,74
498 s for the statement.

Sat Mar 16 04:26:00 PDT 2019 org.joda.time.format.FormatUtils,75
259 s for the statement.

Sat Mar 16 04:30:19 PDT 2019 org.joda.time.format.FormatUtils,77
0 s for the statement.

Sat Mar 16 04:30:19 PDT 2019 Sat Mar 16 04:30:19 PDT 2019 : org.joda.time.format.FormatUtils,78=>Find no block
0 s for the statement.

Sat Mar 16 04:30:19 PDT 2019 org.joda.time.format.DateTimeFormatterBuilder,1180
35 s for the statement.

Sat Mar 16 04:30:55 PDT 2019 Sat Mar 16 04:30:55 PDT 2019 : org.joda.time.format.DateTimeFormatterBuilder,1181=>Find no block
0 s for the statement.

Sat Mar 16 04:30:55 PDT 2019 org.joda.time.DateTimeFieldType,522
341 s for the statement.

Sat Mar 16 04:36:37 PDT 2019 org.joda.time.format.DateTimeFormatterBuilder,2614
1442 s for the statement.

Sat Mar 16 05:00:39 PDT 2019 org.joda.time.format.DateTimeFormatterBuilder,2615
0 s for the statement.

Sat Mar 16 05:00:39 PDT 2019 org.joda.time.format.DateTimeFormatterBuilder,2619
0 s for the statement.

Sat Mar 16 05:00:40 PDT 2019 org.joda.time.format.DateTimeFormatterBuilder,2624
0 s for the statement.

Sat Mar 16 05:00:40 PDT 2019 org.joda.time.format.DateTimeFormatterBuilder,2625
0 s for the statement.

Sat Mar 16 05:00:40 PDT 2019 org.joda.time.format.DateTimeFormatterBuilder,2626
0 s for the statement.

Sat Mar 16 05:00:40 PDT 2019 Sat Mar 16 05:00:40 PDT 2019 : org.joda.time.format.DateTimeFormatterBuilder,2628=>Find no block
0 s for the statement.

Sat Mar 16 05:00:40 PDT 2019 org.joda.time.format.DateTimeFormatterBuilder,1437
2 s for the statement.

Sat Mar 16 05:00:43 PDT 2019 org.joda.time.format.DateTimeFormatterBuilder,1438
0 s for the statement.

Sat Mar 16 05:00:43 PDT 2019 Sat Mar 16 05:00:43 PDT 2019 : org.joda.time.format.DateTimeFormatterBuilder,1441=>Find no block
0 s for the statement.

Sat Mar 16 05:00:43 PDT 2019 Sat Mar 16 05:00:43 PDT 2019 : org.joda.time.format.DateTimeFormatterBuilder,1442=>Find no block
0 s for the statement.

Sat Mar 16 05:00:43 PDT 2019 org.joda.time.format.DateTimeFormatter,581
127 s for the statement.

Sat Mar 16 05:02:51 PDT 2019 org.joda.time.format.DateTimeFormatter,582
0 s for the statement.

Sat Mar 16 05:02:51 PDT 2019 org.joda.time.format.DateTimeFormatter,583
0 s for the statement.

Sat Mar 16 05:02:52 PDT 2019 org.joda.time.format.DateTimeFormatter,458
373 s for the statement.

Sat Mar 16 05:09:05 PDT 2019 org.joda.time.format.DateTimeFormatter,459
0 s for the statement.

Sat Mar 16 05:09:06 PDT 2019 org.joda.time.format.DateTimeFormatter,460
0 s for the statement.

Sat Mar 16 05:09:06 PDT 2019 Sat Mar 16 05:09:06 PDT 2019 : org.joda.time.format.DateTimeFormatter,461=>Find no block
0 s for the statement.

Sat Mar 16 05:09:06 PDT 2019 org.joda.time.format.FormatUtils,83
149 s for the statement.

Sat Mar 16 05:11:36 PDT 2019 org.joda.time.format.FormatUtils,82
0 s for the statement.

Sat Mar 16 05:11:36 PDT 2019 org.joda.time.format.DateTimeFormatter,617
264 s for the statement.

Sat Mar 16 05:16:01 PDT 2019 org.joda.time.format.DateTimeFormatter,618
0 s for the statement.

Sat Mar 16 05:16:01 PDT 2019 org.joda.time.format.DateTimeFormatter,621
375 s for the statement.

Sat Mar 16 05:22:16 PDT 2019 org.joda.time.format.DateTimeFormatter,622
420 s for the statement.

Sat Mar 16 05:29:16 PDT 2019 org.joda.time.format.DateTimeFormatter,623
378 s for the statement.

Sat Mar 16 05:35:34 PDT 2019 org.joda.time.format.DateTimeFormatter,624
358 s for the statement.

Sat Mar 16 05:41:33 PDT 2019 org.joda.time.format.DateTimeFormatter,630
883 s for the statement.

Sat Mar 16 05:56:16 PDT 2019 Sat Mar 16 05:56:16 PDT 2019 : org.joda.time.format.DateTimeFormatter,631=>Find no block
0 s for the statement.

Sat Mar 16 05:56:16 PDT 2019 org.joda.time.format.FormatUtils,80
190 s for the statement.

Sat Mar 16 05:59:27 PDT 2019 org.joda.time.format.FormatUtils,87
427 s for the statement.

Sat Mar 16 06:06:35 PDT 2019 org.joda.time.format.FormatUtils,90
Timeout time : 19/03/16 06:07
