=================================================
Project : lang_39	start : 19/03/09 15:14
Current failed test : org.apache.commons.lang3.StringUtilsTest::testReplace_StringStringArrayStringArray | 19/03/09 15:14
1552173273 s for the statement.

Sat Mar 09 15:14:33 PST 2019 org.apache.commons.lang3.StringUtils,3639
1 s for the statement.

Sat Mar 09 15:14:35 PST 2019 org.apache.commons.lang3.StringUtils,3723
425 s for the statement.

Sat Mar 09 15:21:40 PST 2019 org.apache.commons.lang3.StringUtils,3654
209 s for the statement.

Sat Mar 09 15:25:09 PST 2019 org.apache.commons.lang3.StringUtils,3700
796 s for the statement.

Sat Mar 09 15:38:26 PST 2019 org.apache.commons.lang3.StringUtils,3638
0 s for the statement.

Sat Mar 09 15:38:27 PST 2019 org.apache.commons.lang3.StringUtils,3644
574 s for the statement.

Sat Mar 09 15:48:02 PST 2019 org.apache.commons.lang3.StringUtils,3691
678 s for the statement.

Sat Mar 09 15:59:20 PST 2019 org.apache.commons.lang3.StringUtils,3676

----------------------------------------
----------------------------------------
Pass Single Test : [=>0,0]
for(int i=0;i<searchList.length;i++){
if(noMoreMatchesForReplIndex[i]||searchList[i]==null||searchList[i].length()==0||replacementList[i]==null){
continue;
}
int greater=replacementList[i].length()-searchList[i].length();
if(greater>0){
increase+=3*greater;
}
}

Time : 19/03/09 16:00
----------------------------------------

----------------------------------------
----------------------------------------
Similar code block : 2.3414815116080265 : [/home/deheng/SimFix-SFA/buggyprograms/lang/lang_39_buggy/src/java/org/apache/commons/lang3/StringUtils.java=>0,0]
for(int i=0;i<searchLength;i++){
if(noMoreMatchesForReplIndex[i]||searchList[i]==null||searchList[i].length()==0||replacementList[i]==null){
continue;
}
tempIndex=text.indexOf(searchList[i]);
if(tempIndex==-1){
noMoreMatchesForReplIndex[i]=true;
}else {
if(textIndex==-1||tempIndex<textIndex){
textIndex=tempIndex;
replaceIndex=i;
}
}
}

Time : 19/03/09 16:00
----------------------------------------

----------------------------------------
----------------------------------------
Original source code : [/home/deheng/SimFix-SFA/buggyprograms/lang/lang_39_buggy/src/java/org/apache/commons/lang3/StringUtils.java=>3675,3680]
for(int i=0;i<searchList.length;i++){
int greater=replacementList[i].length()-searchList[i].length();
if(greater>0){
increase+=3*greater;
}
}

Time : 19/03/09 16:00
----------------------------------------

----------------------------------------
----------------------------------------
Find a patch : [/home/deheng/SimFix-SFA/buggyprograms/lang/lang_39_buggy/src/java/org/apache/commons/lang3/StringUtils.java=>3675,3680]
for(int i=0;i<searchList.length;i++){
if(noMoreMatchesForReplIndex[i]||searchList[i]==null||searchList[i].length()==0||replacementList[i]==null){
continue;
}
int greater=replacementList[i].length()-searchList[i].length();
if(greater>0){
increase+=3*greater;
}
}

Time : 19/03/09 16:00
----------------------------------------
NCP is: 869
67 s for the statement.
Success time : 19/03/09 16:00
