=================================================
Project : lang_39	start : 19/03/10 08:01
Current failed test : org.apache.commons.lang3.StringUtilsTest::testReplace_StringStringArrayStringArray | 19/03/10 08:01
1552230075 s for the statement.

Sun Mar 10 08:01:15 PDT 2019 org.apache.commons.lang3.StringUtils,3695
52 s for the statement.

Sun Mar 10 08:02:08 PDT 2019 org.apache.commons.lang3.StringUtils,3656
63 s for the statement.

Sun Mar 10 08:03:12 PDT 2019 org.apache.commons.lang3.StringUtils,3623
534 s for the statement.

Sun Mar 10 08:12:06 PDT 2019 org.apache.commons.lang3.StringUtils,3714
0 s for the statement.

Sun Mar 10 08:12:06 PDT 2019 org.apache.commons.lang3.StringUtils,3644
848 s for the statement.

Sun Mar 10 08:26:14 PDT 2019 org.apache.commons.lang3.StringUtils,3696
12 s for the statement.

Sun Mar 10 08:26:27 PDT 2019 org.apache.commons.lang3.StringUtils,3653
0 s for the statement.

Sun Mar 10 08:26:27 PDT 2019 org.apache.commons.lang3.StringUtils,3654
0 s for the statement.

Sun Mar 10 08:26:27 PDT 2019 org.apache.commons.lang3.StringUtils,3675

----------------------------------------
----------------------------------------
Pass Single Test : [=>0,0]
for(int i=0;i<searchList.length;i++){
if(noMoreMatchesForReplIndex[i]||searchList[i]==null||searchList[i].length()==0||replacementList[i]==null){
continue;
}
int greater=replacementList[i].length()-searchList[i].length();
if(greater>0){
increase+=3*greater;
}
}

Time : 19/03/10 08:27
----------------------------------------

----------------------------------------
----------------------------------------
Similar code block : 2.3414815116080265 : [/home/deheng/SimFix-SFA/buggyprograms/lang/lang_39_buggy/src/java/org/apache/commons/lang3/StringUtils.java=>0,0]
for(int i=0;i<searchLength;i++){
if(noMoreMatchesForReplIndex[i]||searchList[i]==null||searchList[i].length()==0||replacementList[i]==null){
continue;
}
tempIndex=text.indexOf(searchList[i]);
if(tempIndex==-1){
noMoreMatchesForReplIndex[i]=true;
}else {
if(textIndex==-1||tempIndex<textIndex){
textIndex=tempIndex;
replaceIndex=i;
}
}
}

Time : 19/03/10 08:27
----------------------------------------

----------------------------------------
----------------------------------------
Original source code : [/home/deheng/SimFix-SFA/buggyprograms/lang/lang_39_buggy/src/java/org/apache/commons/lang3/StringUtils.java=>3675,3680]
for(int i=0;i<searchList.length;i++){
int greater=replacementList[i].length()-searchList[i].length();
if(greater>0){
increase+=3*greater;
}
}

Time : 19/03/10 08:27
----------------------------------------

----------------------------------------
----------------------------------------
Find a patch : [/home/deheng/SimFix-SFA/buggyprograms/lang/lang_39_buggy/src/java/org/apache/commons/lang3/StringUtils.java=>3675,3680]
for(int i=0;i<searchList.length;i++){
if(noMoreMatchesForReplIndex[i]||searchList[i]==null||searchList[i].length()==0||replacementList[i]==null){
continue;
}
int greater=replacementList[i].length()-searchList[i].length();
if(greater>0){
increase+=3*greater;
}
}

Time : 19/03/10 08:27
----------------------------------------
NCP is: 506
58 s for the statement.
Success time : 19/03/10 08:27
