=================================================
Project : lang_39	start : 19/03/11 06:02
Current failed test : org.apache.commons.lang3.StringUtilsTest::testReplace_StringStringArrayStringArray | 19/03/11 06:02
1552309342 s for the statement.

Mon Mar 11 06:02:22 PDT 2019 org.apache.commons.lang3.StringUtils,3657
64 s for the statement.

Mon Mar 11 06:03:27 PDT 2019 org.apache.commons.lang3.StringUtils,3666
20 s for the statement.

Mon Mar 11 06:03:47 PDT 2019 org.apache.commons.lang3.StringUtils,3684

----------------------------------------
----------------------------------------
Pass Single Test : [=>0,0]
for(int i=0;i<searchList.length;i++){
if(noMoreMatchesForReplIndex[i]||searchList[i]==null||searchList[i].length()==0||replacementList[i]==null){
continue;
}
int greater=replacementList[i].length()-searchList[i].length();
if(greater>0){
increase+=3*greater;
}
}

Time : 19/03/11 06:04
----------------------------------------

----------------------------------------
----------------------------------------
Similar code block : 2.3414815116080265 : [/home/deheng/SimFix-SFA/buggyprograms/lang/lang_39_buggy/src/java/org/apache/commons/lang3/StringUtils.java=>0,0]
for(int i=0;i<searchLength;i++){
if(noMoreMatchesForReplIndex[i]||searchList[i]==null||searchList[i].length()==0||replacementList[i]==null){
continue;
}
tempIndex=text.indexOf(searchList[i]);
if(tempIndex==-1){
noMoreMatchesForReplIndex[i]=true;
}else {
if(textIndex==-1||tempIndex<textIndex){
textIndex=tempIndex;
replaceIndex=i;
}
}
}

Time : 19/03/11 06:04
----------------------------------------

----------------------------------------
----------------------------------------
Original source code : [/home/deheng/SimFix-SFA/buggyprograms/lang/lang_39_buggy/src/java/org/apache/commons/lang3/StringUtils.java=>3675,3680]
for(int i=0;i<searchList.length;i++){
int greater=replacementList[i].length()-searchList[i].length();
if(greater>0){
increase+=3*greater;
}
}

Time : 19/03/11 06:04
----------------------------------------

----------------------------------------
----------------------------------------
Find a patch : [/home/deheng/SimFix-SFA/buggyprograms/lang/lang_39_buggy/src/java/org/apache/commons/lang3/StringUtils.java=>3675,3680]
for(int i=0;i<searchList.length;i++){
if(noMoreMatchesForReplIndex[i]||searchList[i]==null||searchList[i].length()==0||replacementList[i]==null){
continue;
}
int greater=replacementList[i].length()-searchList[i].length();
if(greater>0){
increase+=3*greater;
}
}

Time : 19/03/11 06:04
----------------------------------------
NCP is: 31
59 s for the statement.
Success time : 19/03/11 06:04
