=================================================
Project : lang_39	start : 19/03/13 02:49
Current failed test : org.apache.commons.lang3.StringUtilsTest::testReplace_StringStringArrayStringArray | 19/03/13 02:49
1552470587 s for the statement.

Wed Mar 13 02:49:47 PDT 2019 org.apache.commons.lang3.StringUtils,3682

----------------------------------------
----------------------------------------
Pass Single Test : [=>0,0]
for(int i=0;i<searchList.length;i++){
if(noMoreMatchesForReplIndex[i]||searchList[i]==null||searchList[i].length()==0||replacementList[i]==null){
continue;
}
int greater=replacementList[i].length()-searchList[i].length();
if(greater>0){
increase+=3*greater;
}
}

Time : 19/03/13 02:50
----------------------------------------

----------------------------------------
----------------------------------------
Similar code block : 2.3414815116080265 : [/home/deheng/SimFix-SFA/buggyprograms/lang/lang_39_buggy/src/java/org/apache/commons/lang3/StringUtils.java=>0,0]
for(int i=0;i<searchLength;i++){
if(noMoreMatchesForReplIndex[i]||searchList[i]==null||searchList[i].length()==0||replacementList[i]==null){
continue;
}
tempIndex=text.indexOf(searchList[i]);
if(tempIndex==-1){
noMoreMatchesForReplIndex[i]=true;
}else {
if(textIndex==-1||tempIndex<textIndex){
textIndex=tempIndex;
replaceIndex=i;
}
}
}

Time : 19/03/13 02:50
----------------------------------------

----------------------------------------
----------------------------------------
Original source code : [/home/deheng/SimFix-SFA/buggyprograms/lang/lang_39_buggy/src/java/org/apache/commons/lang3/StringUtils.java=>3675,3680]
for(int i=0;i<searchList.length;i++){
int greater=replacementList[i].length()-searchList[i].length();
if(greater>0){
increase+=3*greater;
}
}

Time : 19/03/13 02:50
----------------------------------------

----------------------------------------
----------------------------------------
Find a patch : [/home/deheng/SimFix-SFA/buggyprograms/lang/lang_39_buggy/src/java/org/apache/commons/lang3/StringUtils.java=>3675,3680]
for(int i=0;i<searchList.length;i++){
if(noMoreMatchesForReplIndex[i]||searchList[i]==null||searchList[i].length()==0||replacementList[i]==null){
continue;
}
int greater=replacementList[i].length()-searchList[i].length();
if(greater>0){
increase+=3*greater;
}
}

Time : 19/03/13 02:50
----------------------------------------
NCP is: 12
60 s for the statement.
Success time : 19/03/13 02:50
